Doing density of states analysis based on trajectory.

++++ PLEASE READ AND CITE THE FOLLOWING REFERENCE ++++
T. A. Pascal and S. T. Lin and W. A. Goddard III
Thermodynamics of liquids: standard molar entropies and heat capacities of
common solvents from 2PT molecular dynamics
Phys. Chem. Chem. Phys. 13 (2011) pp. 169-181
-------- -------- --- Thank You --- -------- --------


++++ PLEASE READ AND CITE THE FOLLOWING REFERENCE ++++
C. Caleman and P. J. van Maaren and M. Hong and J. S. Hub and L. T. da Costa
and D. van der Spoel
Force Field Benchmark of Organic Liquids: Density, Enthalpy of Vaporization,
Heat Capacities, Surface Tension, Isothermal Compressibility, Volumetric
Expansion Coefficient, and Dielectric Constant
J. Chem. Theo. Comp. 8 (2012) pp. 61
-------- -------- --- Thank You --- -------- --------

System = "Flexible D2O Ice for DoS Calculations at Titan Conditions"
Nmol = 576
Natom = 1728
dt = 0.0005 ps
tmass = 11535.9 amu
V = 18.9897 nm^3
rho = 1008.75 g/l
T = 298.15 K
beta = 0.403395 mol/kJ

DoS parameters
Delta = 0.00495135
fluidicity = 0.0361795
hard sphere packing fraction = 19.7519
hard sphere compressibility = 1.10635
ideal gas entropy = 0.0489853
hard sphere entropy = -0.0499882
sigma_HS = 0.745638 nm
DoS0 = 5.14851
Dos2 = 3.45849e+12
DoSTot = 3265.42
Diffusion coefficient from VACF 0.0647775 10^-5 cm^2/s
Diffusion coefficient from DoS 0.0921972 10^-5 cm^2/s
Heat capacity -nan J/mol K

Arrivederci!
