Doing density of states analysis based on trajectory.

++++ PLEASE READ AND CITE THE FOLLOWING REFERENCE ++++
T. A. Pascal and S. T. Lin and W. A. Goddard III
Thermodynamics of liquids: standard molar entropies and heat capacities of
common solvents from 2PT molecular dynamics
Phys. Chem. Chem. Phys. 13 (2011) pp. 169-181
-------- -------- --- Thank You --- -------- --------


++++ PLEASE READ AND CITE THE FOLLOWING REFERENCE ++++
C. Caleman and P. J. van Maaren and M. Hong and J. S. Hub and L. T. da Costa
and D. van der Spoel
Force Field Benchmark of Organic Liquids: Density, Enthalpy of Vaporization,
Heat Capacities, Surface Tension, Isothermal Compressibility, Volumetric
Expansion Coefficient, and Dielectric Constant
J. Chem. Theo. Comp. 8 (2012) pp. 61
-------- -------- --- Thank You --- -------- --------

System = "Ice Ih 3x3x2 Supercell - TIP4P/Ice"
Nmol = 432
Natom = 1728
dt = 0.0005 ps
tmass = 7782.65 amu
V = 13.4803 nm^3
rho = 958.688 g/l
T = 298.15 K
beta = 0.403395 mol/kJ

DoS parameters
Delta = 0.000996968
fluidicity = 0.0144281
hard sphere packing fraction = 55.0546
hard sphere compressibility = 1.03699
ideal gas entropy = 0.0537799
hard sphere entropy = -0.153811
sigma_HS = 0.936089 nm
DoS0 = 0.759575
Dos2 = 2.88439e+14
DoSTot = 2450.04
Diffusion coefficient from VACF -0.0120721 10^-5 cm^2/s
Diffusion coefficient from DoS 0.0201619 10^-5 cm^2/s
Heat capacity -nan J/mol K

Arrivederci!
