Doing density of states analysis based on trajectory.

++++ PLEASE READ AND CITE THE FOLLOWING REFERENCE ++++
T. A. Pascal, S. T. Lin, W. A. Goddard III
Thermodynamics of liquids: standard molar entropies and heat capacities of
common solvents from 2PT molecular dynamics
Phys. Chem. Chem. Phys. (2011)
DOI: 10.1039/C0CP01549K
-------- -------- --- Thank You --- -------- --------


++++ PLEASE READ AND CITE THE FOLLOWING REFERENCE ++++
C. Caleman, P. J. van Maaren, M. Hong, J. S. Hub, L. T. da Costa, D. van der
Spoel
Force Field Benchmark of Organic Liquids: Density, Enthalpy of Vaporization,
Heat Capacities, Surface Tension, Isothermal Compressibility, Volumetric
Expansion Coefficient, and Dielectric Constant
J. Chem. Theo. Comp. (2012)
DOI: 10.1021/ct200731v
-------- -------- --- Thank You --- -------- --------

System = "Flexible D2O Ice for DoS Calculations at Titan Conditions"
Nmol = 32
Natom = 96
dt = 0.0005 ps
tmass = 640.883 amu
V = 1.74386 nm^3
rho = 610.262 g/l
T = 298.15 K
beta = 0.403395 mol/kJ

DoS parameters
Delta = 0.00622928
fluidicity = 0.0412016
hard sphere packing fraction = 17.0104
hard sphere compressibility = 1.12443
ideal gas entropy = 0.0520833
hard sphere entropy = -0.0362665
sigma_HS = 0.838788 nm
DoS0 = 0.425479
Dos2 = 1.48565e+10
DoSTot = 179.311
Diffusion coefficient from VACF 0.116209 10^-5 cm^2/s
Diffusion coefficient from DoS 0.137147 10^-5 cm^2/s
Heat capacity nan J/mol K

Arrivederci!
