                  :-) GROMACS - gmx mdrun, 2025.4-Homebrew (-:

Copyright 1991-2025 The GROMACS Authors.
GROMACS is free software; you can redistribute it and/or modify it
under the terms of the GNU Lesser General Public License
as published by the Free Software Foundation; either version 2.1
of the License, or (at your option) any later version.

                         Current GROMACS contributors:
       Mark Abraham           Andrey Alekseenko           Brian Andrews       
      Vladimir Basov              Paul Bauer                Hugh Bird         
      Eliane Briand               Ania Brown              Mahesh Doijade      
      Giacomo Fiorin          Stefan Fleischmann          Sergey Gorelov      
   Gilles Gouaillardet            Alan Gray              M. Eric Irrgang      
   Farzaneh Jalalypour         Petter Johansson          Carsten Kutzner      
    Grzegorz Łazarski         Justin A. Lemkul          Magnus Lundborg      
       Pascal Merz             Vedran Miletić            Dmitry Morozov      
     Lukas Müllender            Julien Nabet             Szilárd Páll      
 Andrea Pasquadibisceglie     Michele Pellegrino         Nicola Piasentin     
     Daniele Rapetti         Muhammad Umair Sadiq         Hubert Santuz       
      Roland Schulz             Michael Shirts           Tatiana Shugaeva     
     Alexey Shvetsov            Philip Turner            Alessandra Villa     
 Sebastian Wingbermühle  

                         Previous GROMACS contributors:
        Emile Apol             Rossen Apostolov           James Barnett       
  Herman J.C. Berendsen         Cathrine Bergh             Par Bjelkmar       
      Christian Blau          Viacheslav Bolnykh            Kevin Boyd        
    Aldert van Buuren          Carlo Camilloni           Rudi van Drunen      
      Anton Feenstra           Oliver Fleetwood            Vytas Gapsys       
       Gaurav Garg             Gerrit Groenhof            Bert de Groot       
      Anca Hamuraru           Vincent Hindriksen          Victor Holanda      
     Aleksei Iupinov              Joe Jordan            Christoph Junghans    
    Prashanth Kanduri        Dimitrios Karkoulis           Peter Kasson       
      Sebastian Kehl           Sebastian Keller             Jiri Kraus        
       Per Larsson              Viveca Lindahl            Erik Marklund       
    Pieter Meulenhoff           Teemu Murtola              Sander Pronk       
      Alfons Sijbers            Balint Soproni         David van der Spoel    
      Peter Tieleman            Carsten Uphoff             Jon Vincent        
     Teemu Virolainen         Christian Wennberg           Maarten Wolf       
      Artem Zhmurov       

                  Coordinated by the GROMACS project leaders:
                           Berk Hess and Erik Lindahl

GROMACS:      gmx mdrun, version 2025.4-Homebrew
Executable:   /opt/homebrew/bin/../Cellar/gromacs/2025.4/bin/gmx
Data prefix:  /opt/homebrew/bin/../Cellar/gromacs/2025.4
Working dir:  /Users/mackenziehenley/cp2k/D2O_ice/GroMACK
Process ID:   31750
Command line:
  gmx mdrun -deffnm md_dos_fixed -v

GROMACS version:     2025.4-Homebrew
Precision:           mixed
Memory model:        64 bit
MPI library:         thread_mpi
OpenMP support:      enabled (GMX_OPENMP_MAX_THREADS = 128)
GPU support:         disabled
SIMD instructions:   ARM_NEON_ASIMD
CPU FFT library:     fftw-3.3.10
GPU FFT library:     none
Multi-GPU FFT:       none
TNG support:         enabled
Hwloc support:       disabled
Tracing support:     disabled
C compiler:          /opt/homebrew/opt/gcc/bin/gcc-15
C compiler flags:    -fexcess-precision=fast -funroll-all-loops -Wno-missing-field-initializers -O3 -DNDEBUG
C++ compiler:        /opt/homebrew/opt/gcc/bin/g++-15
C++ compiler flags:  -fexcess-precision=fast -funroll-all-loops -Wno-missing-field-initializers -Weverything -Wno-c++98-compat -Wno-c++98-compat-pedantic -Wno-return-std-move-in-c++11 -Wno-source-uses-openmp -Wno-c++17-extensions -Wno-documentation-unknown-command -Wno-covered-switch-default -Wno-switch-enum -Wno-switch-default -Wno-extra-semi-stmt -Wno-weak-vtables -Wno-shadow -Wno-padded -Wno-reserved-id-macro -Wno-double-promotion -Wno-exit-time-destructors -Wno-global-constructors -Wno-documentation -Wno-format-nonliteral -Wno-used-but-marked-unused -Wno-float-equal -Wno-conditional-uninitialized -Wno-conversion -Wno-disabled-macro-expansion -Wno-unused-macros -Wno-unsafe-buffer-usage -Wno-cast-function-type-strict SHELL:-fopenmp -O3 -DNDEBUG
BLAS library:        External - detected on the system
LAPACK library:      External - detected on the system


Running on 1 node with total 0 processing units
Hardware detected on host MacBook-Air-950.local:
  CPU info:
    Vendor: ARM
    Brand:  Unknown CPU brand
    Family: 0   Model: 0   Stepping: 0
    Features: neon neon_asimd
  Hardware topology: Only logical processor count
    CPU limit set by OS: -1   Recommended max number of threads: 8


++++ PLEASE READ AND CITE THE FOLLOWING REFERENCE ++++
M. J. Abraham, T. Murtola, R. Schulz, S. Páll, J. C. Smith, B. Hess, E.
Lindahl
GROMACS: High performance molecular simulations through multi-level
parallelism from laptops to supercomputers
SoftwareX (2015)
DOI: 10.1016/j.softx.2015.06.001
-------- -------- --- Thank You --- -------- --------


++++ PLEASE READ AND CITE THE FOLLOWING REFERENCE ++++
S. Páll, M. J. Abraham, C. Kutzner, B. Hess, E. Lindahl
Tackling Exascale Software Challenges in Molecular Dynamics Simulations with
GROMACS
In S. Markidis & E. Laure (Eds.), Solving Software Challenges for Exascale (2015)
DOI: 10.1007/978-3-319-15976-8_1
-------- -------- --- Thank You --- -------- --------


++++ PLEASE READ AND CITE THE FOLLOWING REFERENCE ++++
S. Pronk, S. Páll, R. Schulz, P. Larsson, P. Bjelkmar, R. Apostolov, M. R.
Shirts, J. C. Smith, P. M. Kasson, D. van der Spoel, B. Hess, E. Lindahl
GROMACS 4.5: a high-throughput and highly parallel open source molecular
simulation toolkit
Bioinformatics (2013)
DOI: 10.1093/bioinformatics/btt055
-------- -------- --- Thank You --- -------- --------


++++ PLEASE READ AND CITE THE FOLLOWING REFERENCE ++++
B. Hess, C. Kutzner, D. van der Spoel, E. Lindahl
GROMACS 4: Algorithms for highly efficient, load-balanced, and scalable
molecular simulation
J. Chem. Theory Comput. (2008)
DOI: 10.1021/ct700301q
-------- -------- --- Thank You --- -------- --------


++++ PLEASE READ AND CITE THE FOLLOWING REFERENCE ++++
D. van der Spoel, E. Lindahl, B. Hess, G. Groenhof, A. E. Mark, H. J. C.
Berendsen
GROMACS: Fast, Flexible and Free
J. Comp. Chem. (2005)
DOI: 10.1002/jcc.20291
-------- -------- --- Thank You --- -------- --------


++++ PLEASE READ AND CITE THE FOLLOWING REFERENCE ++++
E. Lindahl, B. Hess, D. van der Spoel
GROMACS 3.0: A package for molecular simulation and trajectory analysis
J. Mol. Mod. (2001)
DOI: 10.1007/s008940100045
-------- -------- --- Thank You --- -------- --------


++++ PLEASE READ AND CITE THE FOLLOWING REFERENCE ++++
H. J. C. Berendsen, D. van der Spoel and R. van Drunen
GROMACS: A message-passing parallel molecular dynamics implementation
Comp. Phys. Comm. (1995)
DOI: 10.1016/0010-4655(95)00042-E
-------- -------- --- Thank You --- -------- --------

Input Parameters:
   integrator                     = md
   tinit                          = 0
   dt                             = 0.0005
   nsteps                         = 40000
   init-step                      = 0
   simulation-part                = 1
   mts                            = false
   mass-repartition-factor        = 1
   comm-mode                      = Linear
   nstcomm                        = 100
   bd-fric                        = 0
   ld-seed                        = 1148678059
   emtol                          = 10
   emstep                         = 0.01
   niter                          = 20
   fcstep                         = 0
   nstcgsteep                     = 1000
   nbfgscorr                      = 10
   rtpi                           = 0.05
   nstxout                        = 0
   nstvout                        = 1
   nstfout                        = 0
   nstlog                         = 1000
   nstcalcenergy                  = 100
   nstenergy                      = 1000
   nstxout-compressed             = 0
   compressed-x-precision         = 1000
   cutoff-scheme                  = Verlet
   nstlist                        = 20
   pbc                            = xyz
   periodic-molecules             = false
   verlet-buffer-tolerance        = 0.005
   verlet-buffer-pressure-tolerance = 0.5
   rlist                          = 0.601
   coulombtype                    = PME
   coulomb-modifier               = Potential-shift
   rcoulomb-switch                = 0
   rcoulomb                       = 0.6
   epsilon-r                      = 1
   epsilon-rf                     = inf
   vdw-type                       = Cut-off
   vdw-modifier                   = Potential-shift
   rvdw-switch                    = 0
   rvdw                           = 0.6
   DispCorr                       = EnerPres
   table-extension                = 1
   fourierspacing                 = 0.12
   fourier-nx                     = 12
   fourier-ny                     = 12
   fourier-nz                     = 12
   pme-order                      = 4
   ewald-rtol                     = 1e-05
   ewald-rtol-lj                  = 0.001
   lj-pme-comb-rule               = Geometric
   ewald-geometry                 = 3d
   epsilon-surface                = 0
   ensemble-temperature-setting   = constant
   ensemble-temperature           = 94
   tcoupl                         = V-rescale
   nsttcouple                     = 25
   nh-chain-length                = 0
   print-nose-hoover-chain-variables = false
   pcoupl                         = No
   refcoord-scaling               = No
   posres-com: not available
   posres-comB: not available
   QMMM                           = false
qm-opts:
   ngQM                           = 0
   constraint-algorithm           = Lincs
   continuation                   = false
   Shake-SOR                      = false
   shake-tol                      = 0.0001
   lincs-order                    = 4
   lincs-iter                     = 1
   lincs-warnangle                = 30
   nwall                          = 0
   wall-type                      = 9-3
   wall-r-linpot                  = -1
   wall-atomtype[0]               = -1
   wall-atomtype[1]               = -1
   wall-density[0]                = 0
   wall-density[1]                = 0
   wall-ewald-zfac                = 3
   pull                           = false
   awh                            = false
   rotation                       = false
   interactiveMD                  = false
   disre                          = No
   disre-weighting                = Conservative
   disre-mixed                    = false
   dr-fc                          = 1000
   dr-tau                         = 0
   nstdisreout                    = 100
   orire-fc                       = 0
   orire-tau                      = 0
   nstorireout                    = 100
   free-energy                    = no
   cos-acceleration               = 0
   deform (3x3):
      deform[    0]={ 0.00000e+00,  0.00000e+00,  0.00000e+00}
      deform[    1]={ 0.00000e+00,  0.00000e+00,  0.00000e+00}
      deform[    2]={ 0.00000e+00,  0.00000e+00,  0.00000e+00}
   simulated-tempering            = false
   swapcoords                     = no
   userint1                       = 0
   userint2                       = 0
   userint3                       = 0
   userint4                       = 0
   userreal1                      = 0
   userreal2                      = 0
   userreal3                      = 0
   userreal4                      = 0
   applied-forces:
     electric-field:
       x:
         E0                       = 0
         omega                    = 0
         t0                       = 0
         sigma                    = 0
       y:
         E0                       = 0
         omega                    = 0
         t0                       = 0
         sigma                    = 0
       z:
         E0                       = 0
         omega                    = 0
         t0                       = 0
         sigma                    = 0
     density-guided-simulation:
       active                     = false
       group                      = protein
       similarity-measure         = inner-product
       atom-spreading-weight      = unity
       force-constant             = 1e+09
       gaussian-transform-spreading-width = 0.2
       gaussian-transform-spreading-range-in-multiples-of-width = 4
       reference-density-filename = reference.mrc
       nst                        = 1
       normalize-densities        = true
       adaptive-force-scaling     = false
       adaptive-force-scaling-time-constant = 4
       shift-vector               = 
       transformation-matrix      = 
     qmmm-cp2k:
       active                     = false
       qmgroup                    = System
       qmmethod                   = PBE
       qmfilenames                = 
       qmcharge                   = 0
       qmmultiplicity             = 1
     colvars:
       active                     = false
       configfile                 = 
       seed                       = -1
     nnpot:
       active                     = false
       modelfile                  = model.pt
       input-group                = System
       model-input1               = 
       model-input2               = 
       model-input3               = 
       model-input4               = 
grpopts:
   nrdf:         285
   ref-t:          94
   tau-t:         0.1
annealing:          No
annealing-npoints:           0
   acc:	           0           0           0
   nfreeze:           N           N           N
   energygrp-flags[  0]: 0

When checking whether update groups are usable:
  No constraints or virtual sites are in use, so it is best not to use update groups

Initializing Domain Decomposition on 1 ranks
Dynamic load balancing: auto
Minimum cell size due to atom displacement: 0.039 nm
Initial maximum distances in bonded interactions:
    two-body bonded interactions: 0.169 nm, Exclusion, atoms 8 9
  multi-body bonded interactions: 0.169 nm, Angle, atoms 8 9
Minimum cell size due to bonded interactions: 0.186 nm
Using 0 separate PME ranks because: there are too few total ranks for efficient splitting
Optimizing the DD grid for 1 cells with a minimum initial size of 0.186 nm
The maximum allowed number of cells is: X 6 Y 6 Z 6
Domain decomposition grid 1 x 1 x 1, separate PME ranks 0
PME domain decomposition: 1 x 1 x 1

The initial number of communication pulses is:
The initial domain decomposition cell size is:

The maximum allowed distance for atoms involved in interactions is:
                 non-bonded interactions           0.601 nm
            two-body bonded interactions  (-rdd)   0.601 nm
          multi-body bonded interactions  (-rdd)   0.601 nm

When dynamic load balancing gets turned on, these settings will change to:
The maximum number of communication pulses is:
The minimum size for domain decomposition cells is 0.601 nm
The requested allowed shrink of DD cells (option -dds) is: 0.80
The allowed shrink of domain decomposition cells is:
The maximum allowed distance for atoms involved in interactions is:
                 non-bonded interactions           0.601 nm
            two-body bonded interactions  (-rdd)   0.601 nm
          multi-body bonded interactions  (-rdd)   0.601 nm

Local state does not use filler particles

Using 1 MPI thread
Using 8 OpenMP threads 

System total charge: 0.000
Will do PME sum in reciprocal space for electrostatic interactions.

++++ PLEASE READ AND CITE THE FOLLOWING REFERENCE ++++
U. Essmann, L. Perera, M. L. Berkowitz, T. Darden, H. Lee, L. G. Pedersen 
A smooth particle mesh Ewald method
J. Chem. Phys. (1995)
DOI: 10.1063/1.470117
-------- -------- --- Thank You --- -------- --------

Using a Gaussian width (1/beta) of 0.192098 nm for Ewald
Potential shift: LJ r^-12: -4.594e+02 r^-6: -2.143e+01, Ewald -1.667e-05
Initialized non-bonded Coulomb Ewald tables, spacing: 7.23e-04 size: 832

Long Range LJ corr.: <C6> 2.9078e-04


Using SIMD4xM 4x4 nonbonded short-range kernels

Using a 4x4 pair-list setup:
  updated every 20 steps, buffer 0.001 nm, rlist 0.601 nm
At tolerance 0.005 kJ/mol/ps per atom, equivalent classical 1x1 list would be:
  updated every 20 steps, buffer 0.003 nm, rlist 0.603 nm

The average pressure is off by at most 0.25 bar due to missing LJ interactions

Using Geometric Lennard-Jones combination rule
Removing pbc first time

Linking all bonded interactions to atoms


++++ PLEASE READ AND CITE THE FOLLOWING REFERENCE ++++
G. Bussi, D. Donadio, M. Parrinello
Canonical sampling through velocity rescaling
J. Chem. Phys. (2007)
DOI: 10.1063/1.2408420
-------- -------- --- Thank You --- -------- --------

There are: 96 Atoms

Atom distribution over 1 domains: av 96 stddev 0 min 96 max 96
Center of mass motion removal mode is Linear
We have the following groups for center of mass motion removal:
  0:  rest
Initial temperature: 107.102 K

Started mdrun on rank 0 Wed Mar 25 17:05:09 2026

           Step           Time
              0        0.00000

   Energies (kJ/mol)
           Bond          Angle        LJ (SR)  Disper. corr.   Coulomb (SR)
    1.46566e+02    7.42395e+01    5.60260e+02   -2.95023e+01   -2.53075e+03
   Coul. recip.      Potential    Kinetic En.   Total Energy  Conserved En.
    8.70779e+01   -1.69211e+03    1.26229e+02   -1.56588e+03   -1.56588e+03
    Temperature Pres. DC (bar) Pressure (bar)
    1.06539e+02   -2.83776e+02   -4.94478e+02

           Step           Time
           1000        0.50000

   Energies (kJ/mol)
           Bond          Angle        LJ (SR)  Disper. corr.   Coulomb (SR)
    1.15945e+02    6.54089e+01    4.80746e+02   -2.95023e+01   -2.41215e+03
   Coul. recip.      Potential    Kinetic En.   Total Energy  Conserved En.
    8.35410e+01   -1.69601e+03    1.14017e+02   -1.58199e+03   -1.56588e+03
    Temperature Pres. DC (bar) Pressure (bar)
    9.62326e+01   -2.83776e+02   -1.14674e+03

           Step           Time
           2000        1.00000

   Energies (kJ/mol)
           Bond          Angle        LJ (SR)  Disper. corr.   Coulomb (SR)
    1.35472e+02    6.70359e+01    5.33720e+02   -2.95023e+01   -2.48337e+03
   Coul. recip.      Potential    Kinetic En.   Total Energy  Conserved En.
    8.26456e+01   -1.69400e+03    1.14403e+02   -1.57960e+03   -1.56591e+03
    Temperature Pres. DC (bar) Pressure (bar)
    9.65580e+01   -2.83776e+02   -2.31049e+02

           Step           Time
           3000        1.50000

   Energies (kJ/mol)
           Bond          Angle        LJ (SR)  Disper. corr.   Coulomb (SR)
    1.24153e+02    7.25000e+01    5.18700e+02   -2.95023e+01   -2.46698e+03
   Coul. recip.      Potential    Kinetic En.   Total Energy  Conserved En.
    8.83659e+01   -1.69277e+03    9.96833e+01   -1.59308e+03   -1.56598e+03
    Temperature Pres. DC (bar) Pressure (bar)
    8.41343e+01   -2.83776e+02   -2.70369e+02

           Step           Time
           4000        2.00000

   Energies (kJ/mol)
           Bond          Angle        LJ (SR)  Disper. corr.   Coulomb (SR)
    1.45225e+02    6.58723e+01    5.26797e+02   -2.95023e+01   -2.47051e+03
   Coul. recip.      Potential    Kinetic En.   Total Energy  Conserved En.
    8.76535e+01   -1.67447e+03    1.09359e+02   -1.56511e+03   -1.56591e+03
    Temperature Pres. DC (bar) Pressure (bar)
    9.23009e+01   -2.83776e+02   -1.26679e+03

           Step           Time
           5000        2.50000

   Energies (kJ/mol)
           Bond          Angle        LJ (SR)  Disper. corr.   Coulomb (SR)
    1.18285e+02    6.47004e+01    5.00975e+02   -2.95023e+01   -2.43131e+03
   Coul. recip.      Potential    Kinetic En.   Total Energy  Conserved En.
    8.53779e+01   -1.69148e+03    1.03883e+02   -1.58759e+03   -1.56585e+03
    Temperature Pres. DC (bar) Pressure (bar)
    8.76794e+01   -2.83776e+02   -8.35080e+01

           Step           Time
           6000        3.00000

   Energies (kJ/mol)
           Bond          Angle        LJ (SR)  Disper. corr.   Coulomb (SR)
    1.24043e+02    6.71273e+01    5.30092e+02   -2.95023e+01   -2.47530e+03
   Coul. recip.      Potential    Kinetic En.   Total Energy  Conserved En.
    8.20561e+01   -1.70148e+03    1.23140e+02   -1.57834e+03   -1.56599e+03
    Temperature Pres. DC (bar) Pressure (bar)
    1.03932e+02   -2.83776e+02   -3.29059e+02

           Step           Time
           7000        3.50000

   Energies (kJ/mol)
           Bond          Angle        LJ (SR)  Disper. corr.   Coulomb (SR)
    1.29283e+02    5.91016e+01    5.27987e+02   -2.95023e+01   -2.46539e+03
   Coul. recip.      Potential    Kinetic En.   Total Energy  Conserved En.
    8.36084e+01   -1.69491e+03    1.10113e+02   -1.58479e+03   -1.56596e+03
    Temperature Pres. DC (bar) Pressure (bar)
    9.29372e+01   -2.83776e+02   -5.24430e+02

           Step           Time
           8000        4.00000

   Energies (kJ/mol)
           Bond          Angle        LJ (SR)  Disper. corr.   Coulomb (SR)
    1.39648e+02    5.65216e+01    5.32170e+02   -2.95023e+01   -2.47311e+03
   Coul. recip.      Potential    Kinetic En.   Total Energy  Conserved En.
    8.44519e+01   -1.68982e+03    9.46665e+01   -1.59515e+03   -1.56583e+03
    Temperature Pres. DC (bar) Pressure (bar)
    7.99001e+01   -2.83776e+02   -1.02953e+03

           Step           Time
           9000        4.50000

   Energies (kJ/mol)
           Bond          Angle        LJ (SR)  Disper. corr.   Coulomb (SR)
    1.53870e+02    6.31000e+01    5.29743e+02   -2.95023e+01   -2.49204e+03
   Coul. recip.      Potential    Kinetic En.   Total Energy  Conserved En.
    8.98054e+01   -1.68502e+03    1.37205e+02   -1.54782e+03   -1.56598e+03
    Temperature Pres. DC (bar) Pressure (bar)
    1.15803e+02   -2.83776e+02   -1.87658e+03

           Step           Time
          10000        5.00000

   Energies (kJ/mol)
           Bond          Angle        LJ (SR)  Disper. corr.   Coulomb (SR)
    1.23255e+02    6.51831e+01    5.19541e+02   -2.95023e+01   -2.44552e+03
   Coul. recip.      Potential    Kinetic En.   Total Energy  Conserved En.
    8.92706e+01   -1.67777e+03    1.24171e+02   -1.55360e+03   -1.56611e+03
    Temperature Pres. DC (bar) Pressure (bar)
    1.04802e+02   -2.83776e+02    3.56099e+02

           Step           Time
          11000        5.50000

   Energies (kJ/mol)
           Bond          Angle        LJ (SR)  Disper. corr.   Coulomb (SR)
    1.36098e+02    7.04973e+01    5.52482e+02   -2.95023e+01   -2.50538e+03
   Coul. recip.      Potential    Kinetic En.   Total Energy  Conserved En.
    8.51560e+01   -1.69065e+03    1.25821e+02   -1.56483e+03   -1.56629e+03
    Temperature Pres. DC (bar) Pressure (bar)
    1.06195e+02   -2.83776e+02    2.35911e+02

           Step           Time
          12000        6.00000

   Energies (kJ/mol)
           Bond          Angle        LJ (SR)  Disper. corr.   Coulomb (SR)
    1.18192e+02    7.11985e+01    5.43609e+02   -2.95023e+01   -2.47723e+03
   Coul. recip.      Potential    Kinetic En.   Total Energy  Conserved En.
    8.24822e+01   -1.69125e+03    1.34567e+02   -1.55668e+03   -1.56620e+03
    Temperature Pres. DC (bar) Pressure (bar)
    1.13577e+02   -2.83776e+02    1.65449e+03

           Step           Time
          13000        6.50000

   Energies (kJ/mol)
           Bond          Angle        LJ (SR)  Disper. corr.   Coulomb (SR)
    1.42546e+02    5.99578e+01    5.79607e+02   -2.95023e+01   -2.52180e+03
   Coul. recip.      Potential    Kinetic En.   Total Energy  Conserved En.
    7.99336e+01   -1.68926e+03    1.20713e+02   -1.56855e+03   -1.56593e+03
    Temperature Pres. DC (bar) Pressure (bar)
    1.01884e+02   -2.83776e+02    1.24988e+03

           Step           Time
          14000        7.00000

   Energies (kJ/mol)
           Bond          Angle        LJ (SR)  Disper. corr.   Coulomb (SR)
    1.43618e+02    5.15559e+01    4.91829e+02   -2.95023e+01   -2.42948e+03
   Coul. recip.      Potential    Kinetic En.   Total Energy  Conserved En.
    8.79520e+01   -1.68403e+03    1.28844e+02   -1.55519e+03   -1.56613e+03
    Temperature Pres. DC (bar) Pressure (bar)
    1.08747e+02   -2.83776e+02   -3.17006e+03

           Step           Time
          15000        7.50000

   Energies (kJ/mol)
           Bond          Angle        LJ (SR)  Disper. corr.   Coulomb (SR)
    1.26159e+02    6.56508e+01    5.39689e+02   -2.95023e+01   -2.47287e+03
   Coul. recip.      Potential    Kinetic En.   Total Energy  Conserved En.
    8.82212e+01   -1.68266e+03    1.18168e+02   -1.56449e+03   -1.56617e+03
    Temperature Pres. DC (bar) Pressure (bar)
    9.97359e+01   -2.83776e+02    1.20487e+03

           Step           Time
          16000        8.00000

   Energies (kJ/mol)
           Bond          Angle        LJ (SR)  Disper. corr.   Coulomb (SR)
    1.52632e+02    7.80081e+01    5.32613e+02   -2.95023e+01   -2.50827e+03
   Coul. recip.      Potential    Kinetic En.   Total Energy  Conserved En.
    8.27237e+01   -1.69180e+03    1.22196e+02   -1.56960e+03   -1.56640e+03
    Temperature Pres. DC (bar) Pressure (bar)
    1.03135e+02   -2.83776e+02   -2.03863e+03

           Step           Time
          17000        8.50000

   Energies (kJ/mol)
           Bond          Angle        LJ (SR)  Disper. corr.   Coulomb (SR)
    1.24916e+02    8.01398e+01    5.57483e+02   -2.95023e+01   -2.52777e+03
   Coul. recip.      Potential    Kinetic En.   Total Energy  Conserved En.
    8.28748e+01   -1.71186e+03    1.21110e+02   -1.59075e+03   -1.56643e+03
    Temperature Pres. DC (bar) Pressure (bar)
    1.02219e+02   -2.83776e+02    1.52614e+03

           Step           Time
          18000        9.00000

   Energies (kJ/mol)
           Bond          Angle        LJ (SR)  Disper. corr.   Coulomb (SR)
    1.25989e+02    6.73571e+01    5.08723e+02   -2.95023e+01   -2.44124e+03
   Coul. recip.      Potential    Kinetic En.   Total Energy  Conserved En.
    8.76341e+01   -1.68104e+03    1.14364e+02   -1.56668e+03   -1.56652e+03
    Temperature Pres. DC (bar) Pressure (bar)
    9.65251e+01   -2.83776e+02    2.60821e+02

           Step           Time
          19000        9.50000

   Energies (kJ/mol)
           Bond          Angle        LJ (SR)  Disper. corr.   Coulomb (SR)
    1.38517e+02    7.55698e+01    5.17762e+02   -2.95023e+01   -2.48150e+03
   Coul. recip.      Potential    Kinetic En.   Total Energy  Conserved En.
    8.54489e+01   -1.69370e+03    1.15911e+02   -1.57779e+03   -1.56651e+03
    Temperature Pres. DC (bar) Pressure (bar)
    9.78308e+01   -2.83776e+02   -1.01576e+03

           Step           Time
          20000       10.00000

   Energies (kJ/mol)
           Bond          Angle        LJ (SR)  Disper. corr.   Coulomb (SR)
    1.17489e+02    5.61299e+01    5.23404e+02   -2.95023e+01   -2.45327e+03
   Coul. recip.      Potential    Kinetic En.   Total Energy  Conserved En.
    8.48623e+01   -1.70089e+03    1.13769e+02   -1.58712e+03   -1.56678e+03
    Temperature Pres. DC (bar) Pressure (bar)
    9.60233e+01   -2.83776e+02    5.13904e+02

           Step           Time
          21000       10.50000

   Energies (kJ/mol)
           Bond          Angle        LJ (SR)  Disper. corr.   Coulomb (SR)
    1.36401e+02    4.79977e+01    5.35752e+02   -2.95023e+01   -2.48217e+03
   Coul. recip.      Potential    Kinetic En.   Total Energy  Conserved En.
    8.16366e+01   -1.70989e+03    1.04429e+02   -1.60546e+03   -1.56682e+03
    Temperature Pres. DC (bar) Pressure (bar)
    8.81396e+01   -2.83776e+02   -8.93099e+02

           Step           Time
          22000       11.00000

   Energies (kJ/mol)
           Bond          Angle        LJ (SR)  Disper. corr.   Coulomb (SR)
    1.21622e+02    5.61582e+01    5.39988e+02   -2.95023e+01   -2.47607e+03
   Coul. recip.      Potential    Kinetic En.   Total Energy  Conserved En.
    8.03660e+01   -1.70743e+03    1.09783e+02   -1.59765e+03   -1.56677e+03
    Temperature Pres. DC (bar) Pressure (bar)
    9.26590e+01   -2.83776e+02    1.32265e+03

           Step           Time
          23000       11.50000

   Energies (kJ/mol)
           Bond          Angle        LJ (SR)  Disper. corr.   Coulomb (SR)
    1.38760e+02    7.13224e+01    5.30341e+02   -2.95023e+01   -2.47976e+03
   Coul. recip.      Potential    Kinetic En.   Total Energy  Conserved En.
    8.47020e+01   -1.68413e+03    1.29899e+02   -1.55423e+03   -1.56663e+03
    Temperature Pres. DC (bar) Pressure (bar)
    1.09637e+02   -2.83776e+02   -4.72254e+02

           Step           Time
          24000       12.00000

   Energies (kJ/mol)
           Bond          Angle        LJ (SR)  Disper. corr.   Coulomb (SR)
    1.40493e+02    7.17482e+01    5.33688e+02   -2.95023e+01   -2.48557e+03
   Coul. recip.      Potential    Kinetic En.   Total Energy  Conserved En.
    8.54514e+01   -1.68369e+03    9.90431e+01   -1.58465e+03   -1.56647e+03
    Temperature Pres. DC (bar) Pressure (bar)
    8.35940e+01   -2.83776e+02   -1.74142e+02

           Step           Time
          25000       12.50000

   Energies (kJ/mol)
           Bond          Angle        LJ (SR)  Disper. corr.   Coulomb (SR)
    1.20199e+02    7.26523e+01    5.59049e+02   -2.95023e+01   -2.50044e+03
   Coul. recip.      Potential    Kinetic En.   Total Energy  Conserved En.
    8.10762e+01   -1.69697e+03    1.12999e+02   -1.58397e+03   -1.56682e+03
    Temperature Pres. DC (bar) Pressure (bar)
    9.53728e+01   -2.83776e+02    1.77247e+03

           Step           Time
          26000       13.00000

   Energies (kJ/mol)
           Bond          Angle        LJ (SR)  Disper. corr.   Coulomb (SR)
    1.43922e+02    6.51894e+01    5.30753e+02   -2.95023e+01   -2.49792e+03
   Coul. recip.      Potential    Kinetic En.   Total Energy  Conserved En.
    9.02937e+01   -1.69727e+03    1.08684e+02   -1.58858e+03   -1.56678e+03
    Temperature Pres. DC (bar) Pressure (bar)
    9.17307e+01   -2.83776e+02   -1.13301e+03

           Step           Time
          27000       13.50000

   Energies (kJ/mol)
           Bond          Angle        LJ (SR)  Disper. corr.   Coulomb (SR)
    1.17542e+02    6.65589e+01    4.85729e+02   -2.95023e+01   -2.40247e+03
   Coul. recip.      Potential    Kinetic En.   Total Energy  Conserved En.
    8.42820e+01   -1.67786e+03    1.18510e+02   -1.55935e+03   -1.56698e+03
    Temperature Pres. DC (bar) Pressure (bar)
    1.00025e+02   -2.83776e+02    6.16763e+02

           Step           Time
          28000       14.00000

   Energies (kJ/mol)
           Bond          Angle        LJ (SR)  Disper. corr.   Coulomb (SR)
    1.57681e+02    6.30247e+01    5.06775e+02   -2.95023e+01   -2.47317e+03
   Coul. recip.      Potential    Kinetic En.   Total Energy  Conserved En.
    8.61407e+01   -1.68905e+03    9.99579e+01   -1.58909e+03   -1.56704e+03
    Temperature Pres. DC (bar) Pressure (bar)
    8.43662e+01   -2.83776e+02   -3.41378e+03

           Step           Time
          29000       14.50000

   Energies (kJ/mol)
           Bond          Angle        LJ (SR)  Disper. corr.   Coulomb (SR)
    1.29190e+02    5.83965e+01    5.09923e+02   -2.95023e+01   -2.44241e+03
   Coul. recip.      Potential    Kinetic En.   Total Energy  Conserved En.
    8.47047e+01   -1.68970e+03    1.01060e+02   -1.58864e+03   -1.56706e+03
    Temperature Pres. DC (bar) Pressure (bar)
    8.52963e+01   -2.83776e+02    7.92745e+01

           Step           Time
          30000       15.00000

   Energies (kJ/mol)
           Bond          Angle        LJ (SR)  Disper. corr.   Coulomb (SR)
    1.33486e+02    7.27165e+01    4.94914e+02   -2.95023e+01   -2.44454e+03
   Coul. recip.      Potential    Kinetic En.   Total Energy  Conserved En.
    8.43881e+01   -1.68854e+03    1.07394e+02   -1.58115e+03   -1.56705e+03
    Temperature Pres. DC (bar) Pressure (bar)
    9.06426e+01   -2.83776e+02   -1.49705e+02

           Step           Time
          31000       15.50000

   Energies (kJ/mol)
           Bond          Angle        LJ (SR)  Disper. corr.   Coulomb (SR)
    1.53477e+02    6.00931e+01    5.38952e+02   -2.95023e+01   -2.50477e+03
   Coul. recip.      Potential    Kinetic En.   Total Energy  Conserved En.
    8.69953e+01   -1.69476e+03    1.10791e+02   -1.58397e+03   -1.56717e+03
    Temperature Pres. DC (bar) Pressure (bar)
    9.35098e+01   -2.83776e+02   -1.90464e+03

           Step           Time
          32000       16.00000

   Energies (kJ/mol)
           Bond          Angle        LJ (SR)  Disper. corr.   Coulomb (SR)
    1.12668e+02    5.08079e+01    5.35825e+02   -2.95023e+01   -2.45585e+03
   Coul. recip.      Potential    Kinetic En.   Total Energy  Conserved En.
    8.55092e+01   -1.70054e+03    9.41447e+01   -1.60640e+03   -1.56720e+03
    Temperature Pres. DC (bar) Pressure (bar)
    7.94597e+01   -2.83776e+02    1.89638e+03

           Step           Time
          33000       16.50000

   Energies (kJ/mol)
           Bond          Angle        LJ (SR)  Disper. corr.   Coulomb (SR)
    1.43706e+02    6.47976e+01    5.47510e+02   -2.95023e+01   -2.50514e+03
   Coul. recip.      Potential    Kinetic En.   Total Energy  Conserved En.
    7.89814e+01   -1.69965e+03    1.05212e+02   -1.59443e+03   -1.56695e+03
    Temperature Pres. DC (bar) Pressure (bar)
    8.88011e+01   -2.83776e+02    3.21969e+02

           Step           Time
          34000       17.00000

   Energies (kJ/mol)
           Bond          Angle        LJ (SR)  Disper. corr.   Coulomb (SR)
    1.64416e+02    5.42417e+01    5.52350e+02   -2.95023e+01   -2.50764e+03
   Coul. recip.      Potential    Kinetic En.   Total Energy  Conserved En.
    8.61128e+01   -1.68002e+03    1.15927e+02   -1.56409e+03   -1.56678e+03
    Temperature Pres. DC (bar) Pressure (bar)
    9.78441e+01   -2.83776e+02   -2.59319e+02

           Step           Time
          35000       17.50000

   Energies (kJ/mol)
           Bond          Angle        LJ (SR)  Disper. corr.   Coulomb (SR)
    1.44667e+02    5.95446e+01    4.99692e+02   -2.95023e+01   -2.45285e+03
   Coul. recip.      Potential    Kinetic En.   Total Energy  Conserved En.
    8.51545e+01   -1.69330e+03    9.63848e+01   -1.59691e+03   -1.56663e+03
    Temperature Pres. DC (bar) Pressure (bar)
    8.13504e+01   -2.83776e+02   -1.19867e+03

           Step           Time
          36000       18.00000

   Energies (kJ/mol)
           Bond          Angle        LJ (SR)  Disper. corr.   Coulomb (SR)
    1.55039e+02    6.33160e+01    5.56677e+02   -2.95023e+01   -2.51720e+03
   Coul. recip.      Potential    Kinetic En.   Total Energy  Conserved En.
    8.66840e+01   -1.68499e+03    1.14388e+02   -1.57060e+03   -1.56676e+03
    Temperature Pres. DC (bar) Pressure (bar)
    9.65458e+01   -2.83776e+02    7.43656e+02

           Step           Time
          37000       18.50000

   Energies (kJ/mol)
           Bond          Angle        LJ (SR)  Disper. corr.   Coulomb (SR)
    1.20516e+02    6.79321e+01    5.58248e+02   -2.95023e+01   -2.50615e+03
   Coul. recip.      Potential    Kinetic En.   Total Energy  Conserved En.
    8.23768e+01   -1.70658e+03    1.03114e+02   -1.60347e+03   -1.56678e+03
    Temperature Pres. DC (bar) Pressure (bar)
    8.70302e+01   -2.83776e+02    2.51450e+03

           Step           Time
          38000       19.00000

   Energies (kJ/mol)
           Bond          Angle        LJ (SR)  Disper. corr.   Coulomb (SR)
    1.55212e+02    5.83994e+01    5.69357e+02   -2.95023e+01   -2.51883e+03
   Coul. recip.      Potential    Kinetic En.   Total Energy  Conserved En.
    8.46785e+01   -1.68069e+03    9.18526e+01   -1.58884e+03   -1.56679e+03
    Temperature Pres. DC (bar) Pressure (bar)
    7.75251e+01   -2.83776e+02   -5.53180e+02

           Step           Time
          39000       19.50000

   Energies (kJ/mol)
           Bond          Angle        LJ (SR)  Disper. corr.   Coulomb (SR)
    1.29217e+02    5.83750e+01    5.45671e+02   -2.95023e+01   -2.47952e+03
   Coul. recip.      Potential    Kinetic En.   Total Energy  Conserved En.
    8.35598e+01   -1.69220e+03    9.77970e+01   -1.59440e+03   -1.56671e+03
    Temperature Pres. DC (bar) Pressure (bar)
    8.25423e+01   -2.83776e+02    2.01798e+03

           Step           Time
          40000       20.00000

Writing checkpoint, step 40000 at Wed Mar 25 17:05:40 2026


   Energies (kJ/mol)
           Bond          Angle        LJ (SR)  Disper. corr.   Coulomb (SR)
    1.48796e+02    6.10890e+01    5.09861e+02   -2.95023e+01   -2.44743e+03
   Coul. recip.      Potential    Kinetic En.   Total Energy  Conserved En.
    8.85650e+01   -1.66862e+03    1.14397e+02   -1.55422e+03   -1.56661e+03
    Temperature Pres. DC (bar) Pressure (bar)
    9.65526e+01   -2.83776e+02   -1.02603e+03


Energy conservation over simulation part #1 of length 20 ps, time 0 to 20 ps
  Conserved energy drift: -3.80e-04 kJ/mol/ps per atom


	<======  ###############  ==>
	<====  A V E R A G E S  ====>
	<==  ###############  ======>

	Statistics over 40001 steps using 401 frames

   Energies (kJ/mol)
           Bond          Angle        LJ (SR)  Disper. corr.   Coulomb (SR)
    1.35800e+02    6.38681e+01    5.37919e+02   -2.95023e+01   -2.48429e+03
   Coul. recip.      Potential    Kinetic En.   Total Energy  Conserved En.
    8.55631e+01   -1.69064e+03    1.11258e+02   -1.57939e+03   -1.56648e+03
    Temperature Pres. DC (bar) Pressure (bar)
    9.39037e+01   -2.83776e+02   -4.86763e+01

   Total Virial (kJ/mol)
    2.93168e+01    7.34777e+00   -2.35641e+00
    7.34774e+00    6.04618e+01    1.08215e+01
   -2.35643e+00    1.08215e+01    2.91473e+01

   Pressure (bar)
    1.46420e+02   -1.40770e+02    4.10839e+01
   -1.40770e+02   -4.36743e+02   -2.06118e+02
    4.10845e+01   -2.06117e+02    1.44294e+02


	M E G A - F L O P S   A C C O U N T I N G

 NB=Group-cutoff nonbonded kernels    NxN=N-by-N cluster Verlet kernels
 RF=Reaction-Field  VdW=Van der Waals  QSTab=quadratic-spline table
 W3=SPC/TIP3p  W4=TIP4p (single or pairs)
 V&F=Potential and force  V=Potential only  F=Force only

 Computing:                               M-Number         M-Flops  % Flops
-----------------------------------------------------------------------------
 Pair Search distance check              14.623770         131.614     0.4
 NxN Ewald Elec. + LJ [F]               155.328576       10251.686    27.5
 NxN Ewald Elec. + LJ [V&F]               1.572360         168.243     0.5
 NxN Ewald Elec. [F]                    153.917760        9388.983    25.2
 NxN Ewald Elec. [V&F]                    1.559496         130.998     0.4
 Calc Weights                            11.520288         414.730     1.1
 Spread Q Bspline                       245.766144         491.532     1.3
 Gather F Bspline                       245.766144        1474.597     4.0
 3D-FFT                                1486.757168       11894.057    31.9
 Solve PME                               40.321008        2580.545     6.9
 Reset In Box                             0.192096           0.576     0.0
 CG-CoM                                   0.192192           0.577     0.0
 Bonds                                    2.560064         151.044     0.4
 Angles                                   1.280032         215.045     0.6
 Virial                                   0.056541           1.018     0.0
 Stop-CM                                  0.038592           0.386     0.0
 Calc-Ekin                                0.307392           8.300     0.0
-----------------------------------------------------------------------------
 Total                                                   37303.930   100.0
-----------------------------------------------------------------------------


    D O M A I N   D E C O M P O S I T I O N   S T A T I S T I C S

 av. #atoms communicated per step for force:  2 x 0.0


      R E A L   C Y C L E   A N D   T I M E   A C C O U N T I N G

On 1 MPI rank, each using 8 OpenMP threads

 Activity:              Num   Num      Call    Wall time         Giga-Cycles
                        Ranks Threads  Count      (s)         total sum    %
--------------------------------------------------------------------------------
 Domain decomp.            1    8       2001       0.980          7.843   3.2
 Neighbor search           1    8       2001       0.459          3.671   1.5
 Force                     1    8      40001       4.629         37.033  15.1
 PME mesh                  1    8      40001      16.190        129.517  52.9
 NB X/F buffer ops.        1    8      80002       4.432         35.455  14.5
 Write traj.               1    8      40001       0.874          6.995   2.9
 Update                    1    8      40001       2.891         23.128   9.4
 Kinetic energy            1    8       3201       0.121          0.968   0.4
 Rest                                              0.046          0.369   0.2
--------------------------------------------------------------------------------
 Total                                            30.622        244.980 100.0
--------------------------------------------------------------------------------
 Breakdown of PME mesh activities
--------------------------------------------------------------------------------
 PME spread                1    8      40001       4.512         36.094  14.7
 PME gather                1    8      40001       5.976         47.805  19.5
 PME 3D-FFT                1    8      80002       4.926         39.408  16.1
 PME solve Elec            1    8      40001       0.022          0.174   0.1
--------------------------------------------------------------------------------

               Core t (s)   Wall t (s)        (%)
       Time:      244.979       30.622      800.0
                 (ns/day)    (hour/ns)
Performance:       56.431        0.425
Finished mdrun on rank 0 Wed Mar 25 17:05:40 2026

