                  :-) GROMACS - gmx mdrun, 2025.4-Homebrew (-:

Copyright 1991-2025 The GROMACS Authors.
GROMACS is free software; you can redistribute it and/or modify it
under the terms of the GNU Lesser General Public License
as published by the Free Software Foundation; either version 2.1
of the License, or (at your option) any later version.

                         Current GROMACS contributors:
       Mark Abraham           Andrey Alekseenko           Brian Andrews       
      Vladimir Basov              Paul Bauer                Hugh Bird         
      Eliane Briand               Ania Brown              Mahesh Doijade      
      Giacomo Fiorin          Stefan Fleischmann          Sergey Gorelov      
   Gilles Gouaillardet            Alan Gray              M. Eric Irrgang      
   Farzaneh Jalalypour         Petter Johansson          Carsten Kutzner      
    Grzegorz Łazarski         Justin A. Lemkul          Magnus Lundborg      
       Pascal Merz             Vedran Miletić            Dmitry Morozov      
     Lukas Müllender            Julien Nabet             Szilárd Páll      
 Andrea Pasquadibisceglie     Michele Pellegrino         Nicola Piasentin     
     Daniele Rapetti         Muhammad Umair Sadiq         Hubert Santuz       
      Roland Schulz             Michael Shirts           Tatiana Shugaeva     
     Alexey Shvetsov            Philip Turner            Alessandra Villa     
 Sebastian Wingbermühle  

                         Previous GROMACS contributors:
        Emile Apol             Rossen Apostolov           James Barnett       
  Herman J.C. Berendsen         Cathrine Bergh             Par Bjelkmar       
      Christian Blau          Viacheslav Bolnykh            Kevin Boyd        
    Aldert van Buuren          Carlo Camilloni           Rudi van Drunen      
      Anton Feenstra           Oliver Fleetwood            Vytas Gapsys       
       Gaurav Garg             Gerrit Groenhof            Bert de Groot       
      Anca Hamuraru           Vincent Hindriksen          Victor Holanda      
     Aleksei Iupinov              Joe Jordan            Christoph Junghans    
    Prashanth Kanduri        Dimitrios Karkoulis           Peter Kasson       
      Sebastian Kehl           Sebastian Keller             Jiri Kraus        
       Per Larsson              Viveca Lindahl            Erik Marklund       
    Pieter Meulenhoff           Teemu Murtola              Sander Pronk       
      Alfons Sijbers            Balint Soproni         David van der Spoel    
      Peter Tieleman            Carsten Uphoff             Jon Vincent        
     Teemu Virolainen         Christian Wennberg           Maarten Wolf       
      Artem Zhmurov       

                  Coordinated by the GROMACS project leaders:
                           Berk Hess and Erik Lindahl

GROMACS:      gmx mdrun, version 2025.4-Homebrew
Executable:   /opt/homebrew/bin/../Cellar/gromacs/2025.4/bin/gmx
Data prefix:  /opt/homebrew/bin/../Cellar/gromacs/2025.4
Working dir:  /Users/mackenziehenley/cp2k/D2O_ice/GroMACK Run2/d2o_ice_vdos
Process ID:   84404
Command line:
  gmx mdrun -v -deffnm npt

GROMACS version:     2025.4-Homebrew
Precision:           mixed
Memory model:        64 bit
MPI library:         thread_mpi
OpenMP support:      enabled (GMX_OPENMP_MAX_THREADS = 128)
GPU support:         disabled
SIMD instructions:   ARM_NEON_ASIMD
CPU FFT library:     fftw-3.3.10
GPU FFT library:     none
Multi-GPU FFT:       none
TNG support:         enabled
Hwloc support:       disabled
Tracing support:     disabled
C compiler:          /opt/homebrew/opt/gcc/bin/gcc-15
C compiler flags:    -fexcess-precision=fast -funroll-all-loops -Wno-missing-field-initializers -O3 -DNDEBUG
C++ compiler:        /opt/homebrew/opt/gcc/bin/g++-15
C++ compiler flags:  -fexcess-precision=fast -funroll-all-loops -Wno-missing-field-initializers -Weverything -Wno-c++98-compat -Wno-c++98-compat-pedantic -Wno-return-std-move-in-c++11 -Wno-source-uses-openmp -Wno-c++17-extensions -Wno-documentation-unknown-command -Wno-covered-switch-default -Wno-switch-enum -Wno-switch-default -Wno-extra-semi-stmt -Wno-weak-vtables -Wno-shadow -Wno-padded -Wno-reserved-id-macro -Wno-double-promotion -Wno-exit-time-destructors -Wno-global-constructors -Wno-documentation -Wno-format-nonliteral -Wno-used-but-marked-unused -Wno-float-equal -Wno-conditional-uninitialized -Wno-conversion -Wno-disabled-macro-expansion -Wno-unused-macros -Wno-unsafe-buffer-usage -Wno-cast-function-type-strict SHELL:-fopenmp -O3 -DNDEBUG
BLAS library:        External - detected on the system
LAPACK library:      External - detected on the system


Running on 1 node with total 0 processing units
Hardware detected on host hyacinth-6t9hh.device.utk.edu:
  CPU info:
    Vendor: ARM
    Brand:  Unknown CPU brand
    Family: 0   Model: 0   Stepping: 0
    Features: neon neon_asimd
  Hardware topology: Only logical processor count
    CPU limit set by OS: -1   Recommended max number of threads: 8


++++ PLEASE READ AND CITE THE FOLLOWING REFERENCE ++++
M. J. Abraham, T. Murtola, R. Schulz, S. Páll, J. C. Smith, B. Hess, E.
Lindahl
GROMACS: High performance molecular simulations through multi-level
parallelism from laptops to supercomputers
SoftwareX (2015)
DOI: 10.1016/j.softx.2015.06.001
-------- -------- --- Thank You --- -------- --------


++++ PLEASE READ AND CITE THE FOLLOWING REFERENCE ++++
S. Páll, M. J. Abraham, C. Kutzner, B. Hess, E. Lindahl
Tackling Exascale Software Challenges in Molecular Dynamics Simulations with
GROMACS
In S. Markidis & E. Laure (Eds.), Solving Software Challenges for Exascale (2015)
DOI: 10.1007/978-3-319-15976-8_1
-------- -------- --- Thank You --- -------- --------


++++ PLEASE READ AND CITE THE FOLLOWING REFERENCE ++++
S. Pronk, S. Páll, R. Schulz, P. Larsson, P. Bjelkmar, R. Apostolov, M. R.
Shirts, J. C. Smith, P. M. Kasson, D. van der Spoel, B. Hess, E. Lindahl
GROMACS 4.5: a high-throughput and highly parallel open source molecular
simulation toolkit
Bioinformatics (2013)
DOI: 10.1093/bioinformatics/btt055
-------- -------- --- Thank You --- -------- --------


++++ PLEASE READ AND CITE THE FOLLOWING REFERENCE ++++
B. Hess, C. Kutzner, D. van der Spoel, E. Lindahl
GROMACS 4: Algorithms for highly efficient, load-balanced, and scalable
molecular simulation
J. Chem. Theory Comput. (2008)
DOI: 10.1021/ct700301q
-------- -------- --- Thank You --- -------- --------


++++ PLEASE READ AND CITE THE FOLLOWING REFERENCE ++++
D. van der Spoel, E. Lindahl, B. Hess, G. Groenhof, A. E. Mark, H. J. C.
Berendsen
GROMACS: Fast, Flexible and Free
J. Comp. Chem. (2005)
DOI: 10.1002/jcc.20291
-------- -------- --- Thank You --- -------- --------


++++ PLEASE READ AND CITE THE FOLLOWING REFERENCE ++++
E. Lindahl, B. Hess, D. van der Spoel
GROMACS 3.0: A package for molecular simulation and trajectory analysis
J. Mol. Mod. (2001)
DOI: 10.1007/s008940100045
-------- -------- --- Thank You --- -------- --------


++++ PLEASE READ AND CITE THE FOLLOWING REFERENCE ++++
H. J. C. Berendsen, D. van der Spoel and R. van Drunen
GROMACS: A message-passing parallel molecular dynamics implementation
Comp. Phys. Comm. (1995)
DOI: 10.1016/0010-4655(95)00042-E
-------- -------- --- Thank You --- -------- --------

Input Parameters:
   integrator                     = md
   tinit                          = 0
   dt                             = 0.0005
   nsteps                         = 40000
   init-step                      = 0
   simulation-part                = 1
   mts                            = false
   mass-repartition-factor        = 1
   comm-mode                      = Linear
   nstcomm                        = 100
   bd-fric                        = 0
   ld-seed                        = -335546737
   emtol                          = 10
   emstep                         = 0.01
   niter                          = 20
   fcstep                         = 0
   nstcgsteep                     = 1000
   nbfgscorr                      = 10
   rtpi                           = 0.05
   nstxout                        = 1000
   nstvout                        = 1000
   nstfout                        = 0
   nstlog                         = 1000
   nstcalcenergy                  = 100
   nstenergy                      = 100
   nstxout-compressed             = 0
   compressed-x-precision         = 1000
   cutoff-scheme                  = Verlet
   nstlist                        = 20
   pbc                            = xyz
   periodic-molecules             = false
   verlet-buffer-tolerance        = 0.005
   verlet-buffer-pressure-tolerance = 0.5
   rlist                          = 1
   coulombtype                    = PME
   coulomb-modifier               = Potential-shift
   rcoulomb-switch                = 0
   rcoulomb                       = 1
   epsilon-r                      = 1
   epsilon-rf                     = inf
   vdw-type                       = Cut-off
   vdw-modifier                   = Potential-shift
   rvdw-switch                    = 0
   rvdw                           = 1
   DispCorr                       = EnerPres
   table-extension                = 1
   fourierspacing                 = 0.12
   fourier-nx                     = 20
   fourier-ny                     = 20
   fourier-nz                     = 24
   pme-order                      = 4
   ewald-rtol                     = 1e-05
   ewald-rtol-lj                  = 0.001
   lj-pme-comb-rule               = Geometric
   ewald-geometry                 = 3d
   epsilon-surface                = 0
   ensemble-temperature-setting   = constant
   ensemble-temperature           = 94
   tcoupl                         = V-rescale
   nsttcouple                     = 25
   nh-chain-length                = 0
   print-nose-hoover-chain-variables = false
   pcoupl                         = Parrinello-Rahman
   pcoupltype                     = Isotropic
   nstpcouple                     = 20
   tau-p                          = 2
   compressibility (3x3):
      compressibility[    0]={ 4.50000e-05,  0.00000e+00,  0.00000e+00}
      compressibility[    1]={ 0.00000e+00,  4.50000e-05,  0.00000e+00}
      compressibility[    2]={ 0.00000e+00,  0.00000e+00,  4.50000e-05}
   ref-p (3x3):
      ref-p[    0]={ 1.50000e+00,  0.00000e+00,  0.00000e+00}
      ref-p[    1]={ 0.00000e+00,  1.50000e+00,  0.00000e+00}
      ref-p[    2]={ 0.00000e+00,  0.00000e+00,  1.50000e+00}
   refcoord-scaling               = No
   posres-com: not available
   posres-comB: not available
   QMMM                           = false
qm-opts:
   ngQM                           = 0
   constraint-algorithm           = Lincs
   continuation                   = true
   Shake-SOR                      = false
   shake-tol                      = 0.0001
   lincs-order                    = 4
   lincs-iter                     = 1
   lincs-warnangle                = 30
   nwall                          = 0
   wall-type                      = 9-3
   wall-r-linpot                  = -1
   wall-atomtype[0]               = -1
   wall-atomtype[1]               = -1
   wall-density[0]                = 0
   wall-density[1]                = 0
   wall-ewald-zfac                = 3
   pull                           = false
   awh                            = false
   rotation                       = false
   interactiveMD                  = false
   disre                          = No
   disre-weighting                = Conservative
   disre-mixed                    = false
   dr-fc                          = 1000
   dr-tau                         = 0
   nstdisreout                    = 100
   orire-fc                       = 0
   orire-tau                      = 0
   nstorireout                    = 100
   free-energy                    = no
   cos-acceleration               = 0
   deform (3x3):
      deform[    0]={ 0.00000e+00,  0.00000e+00,  0.00000e+00}
      deform[    1]={ 0.00000e+00,  0.00000e+00,  0.00000e+00}
      deform[    2]={ 0.00000e+00,  0.00000e+00,  0.00000e+00}
   simulated-tempering            = false
   swapcoords                     = no
   userint1                       = 0
   userint2                       = 0
   userint3                       = 0
   userint4                       = 0
   userreal1                      = 0
   userreal2                      = 0
   userreal3                      = 0
   userreal4                      = 0
   applied-forces:
     electric-field:
       x:
         E0                       = 0
         omega                    = 0
         t0                       = 0
         sigma                    = 0
       y:
         E0                       = 0
         omega                    = 0
         t0                       = 0
         sigma                    = 0
       z:
         E0                       = 0
         omega                    = 0
         t0                       = 0
         sigma                    = 0
     density-guided-simulation:
       active                     = false
       group                      = protein
       similarity-measure         = inner-product
       atom-spreading-weight      = unity
       force-constant             = 1e+09
       gaussian-transform-spreading-width = 0.2
       gaussian-transform-spreading-range-in-multiples-of-width = 4
       reference-density-filename = reference.mrc
       nst                        = 1
       normalize-densities        = true
       adaptive-force-scaling     = false
       adaptive-force-scaling-time-constant = 4
       shift-vector               = 
       transformation-matrix      = 
     qmmm-cp2k:
       active                     = false
       qmgroup                    = System
       qmmethod                   = PBE
       qmfilenames                = 
       qmcharge                   = 0
       qmmultiplicity             = 1
     colvars:
       active                     = false
       configfile                 = 
       seed                       = -1
     nnpot:
       active                     = false
       modelfile                  = model.pt
       input-group                = System
       model-input1               = 
       model-input2               = 
       model-input3               = 
       model-input4               = 
grpopts:
   nrdf:        3885
   ref-t:          94
   tau-t:         0.1
annealing:          No
annealing-npoints:           0
   acc:	           0           0           0
   nfreeze:           N           N           N
   energygrp-flags[  0]: 0

Changing nstlist from 20 to 100, rlist from 1 to 1.005

When checking whether update groups are usable:
  No constraints or virtual sites are in use, so it is best not to use update groups

Initializing Domain Decomposition on 1 ranks
Dynamic load balancing: auto
Minimum cell size due to atom displacement: 0.195 nm
Initial maximum distances in bonded interactions:
    two-body bonded interactions: 0.178 nm, Exclusion, atoms 791 792
  multi-body bonded interactions: 0.178 nm, Angle, atoms 791 792
Minimum cell size due to bonded interactions: 0.195 nm
Using 0 separate PME ranks because: there are too few total ranks for efficient splitting
Optimizing the DD grid for 1 cells with a minimum initial size of 0.195 nm
The maximum allowed number of cells is: X 12 Y 11 Z 13
Domain decomposition grid 1 x 1 x 1, separate PME ranks 0
PME domain decomposition: 1 x 1 x 1

The initial number of communication pulses is:
The initial domain decomposition cell size is:

The maximum allowed distance for atoms involved in interactions is:
                 non-bonded interactions           1.005 nm
(the following are initial values, they could change due to box deformation)
            two-body bonded interactions  (-rdd)   1.005 nm
          multi-body bonded interactions  (-rdd)   1.005 nm

When dynamic load balancing gets turned on, these settings will change to:
The maximum number of communication pulses is:
The minimum size for domain decomposition cells is 1.005 nm
The requested allowed shrink of DD cells (option -dds) is: 0.80
The allowed shrink of domain decomposition cells is:
The maximum allowed distance for atoms involved in interactions is:
                 non-bonded interactions           1.005 nm
            two-body bonded interactions  (-rdd)   1.005 nm
          multi-body bonded interactions  (-rdd)   1.005 nm

Local state does not use filler particles

Using 1 MPI thread
Using 8 OpenMP threads 

System total charge: 0.000
Will do PME sum in reciprocal space for electrostatic interactions.

++++ PLEASE READ AND CITE THE FOLLOWING REFERENCE ++++
U. Essmann, L. Perera, M. L. Berkowitz, T. Darden, H. Lee, L. G. Pedersen 
A smooth particle mesh Ewald method
J. Chem. Phys. (1995)
DOI: 10.1063/1.470117
-------- -------- --- Thank You --- -------- --------

Using a Gaussian width (1/beta) of 0.320163 nm for Ewald
Potential shift: LJ r^-12: -1.000e+00 r^-6: -1.000e+00, Ewald -1.000e-05
Initialized non-bonded Coulomb Ewald tables, spacing: 9.33e-04 size: 1073

Long Range LJ corr.: <C6> 2.9078e-04


Using SIMD4xM 4x4 nonbonded short-range kernels

Using a 4x4 pair-list setup:
  updated every 100 steps, buffer 0.005 nm, rlist 1.005 nm
At tolerance 0.005 kJ/mol/ps per atom, equivalent classical 1x1 list would be:
  updated every 100 steps, buffer 0.043 nm, rlist 1.043 nm

The average pressure is off by at most 0.23 bar due to missing LJ interactions

Using Geometric Lennard-Jones combination rule

Linking all bonded interactions to atoms


++++ PLEASE READ AND CITE THE FOLLOWING REFERENCE ++++
G. Bussi, D. Donadio, M. Parrinello
Canonical sampling through velocity rescaling
J. Chem. Phys. (2007)
DOI: 10.1063/1.2408420
-------- -------- --- Thank You --- -------- --------

There are: 1296 Atoms

Atom distribution over 1 domains: av 1296 stddev 0 min 1296 max 1296
Center of mass motion removal mode is Linear
We have the following groups for center of mass motion removal:
  0:  rest

Started mdrun on rank 0 Tue Apr 14 12:57:33 2026

           Step           Time
              0        0.00000

   Energies (kJ/mol)
           Bond          Angle        LJ (SR)  Disper. corr.   Coulomb (SR)
    1.89235e+03    5.70367e+02    5.43045e+03   -1.45573e+02   -3.44412e+04
   Coul. recip.      Potential    Kinetic En.   Total Energy  Conserved En.
    1.91637e+01   -2.66745e+04    1.49444e+03   -2.51800e+04   -2.51788e+04
    Temperature Pres. DC (bar) Pressure (bar)
    9.25301e+01   -1.72450e+02   -1.10950e+04

           Step           Time
           1000        0.50000

   Energies (kJ/mol)
           Bond          Angle        LJ (SR)  Disper. corr.   Coulomb (SR)
    2.12083e+03    8.84750e+02    8.72557e+03   -1.66796e+02   -3.86047e+04
   Coul. recip.      Potential    Kinetic En.   Total Energy  Conserved En.
    1.95119e+01   -2.70208e+04    1.49053e+03   -2.55303e+04   -2.48696e+04
    Temperature Pres. DC (bar) Pressure (bar)
    9.22883e+01   -2.26323e+02    3.68808e+03

           Step           Time
           2000        1.00000

   Energies (kJ/mol)
           Bond          Angle        LJ (SR)  Disper. corr.   Coulomb (SR)
    2.54379e+03    7.54954e+02    8.97334e+03   -1.61703e+02   -3.94551e+04
   Coul. recip.      Potential    Kinetic En.   Total Energy  Conserved En.
    1.45004e+01   -2.73302e+04    1.59155e+03   -2.57386e+04   -2.45789e+04
    Temperature Pres. DC (bar) Pressure (bar)
    9.85428e+01   -2.12730e+02   -1.61676e+03

           Step           Time
           3000        1.50000

   Energies (kJ/mol)
           Bond          Angle        LJ (SR)  Disper. corr.   Coulomb (SR)
    1.95672e+03    6.38583e+02    6.99933e+03   -1.54358e+02   -3.67503e+04
   Coul. recip.      Potential    Kinetic En.   Total Energy  Conserved En.
    1.76240e+01   -2.72924e+04    1.68309e+03   -2.56093e+04   -2.42884e+04
    Temperature Pres. DC (bar) Pressure (bar)
    1.04211e+02   -1.93863e+02   -5.13588e+03

           Step           Time
           4000        2.00000

   Energies (kJ/mol)
           Bond          Angle        LJ (SR)  Disper. corr.   Coulomb (SR)
    2.50431e+03    8.66709e+02    1.11038e+04   -1.76169e+02   -4.11844e+04
   Coul. recip.      Potential    Kinetic En.   Total Energy  Conserved En.
    1.85875e+01   -2.68672e+04    1.44666e+03   -2.54205e+04   -2.40624e+04
    Temperature Pres. DC (bar) Pressure (bar)
    8.95716e+01   -2.52445e+02    1.21407e+04

           Step           Time
           5000        2.50000

   Energies (kJ/mol)
           Bond          Angle        LJ (SR)  Disper. corr.   Coulomb (SR)
    1.78512e+03    6.08710e+02    5.48152e+03   -1.48352e+02   -3.45712e+04
   Coul. recip.      Potential    Kinetic En.   Total Energy  Conserved En.
    1.80657e+01   -2.68261e+04    1.47868e+03   -2.53474e+04   -2.38253e+04
    Temperature Pres. DC (bar) Pressure (bar)
    9.15546e+01   -1.79088e+02   -1.08145e+04

           Step           Time
           6000        3.00000

   Energies (kJ/mol)
           Bond          Angle        LJ (SR)  Disper. corr.   Coulomb (SR)
    2.15036e+03    8.54782e+02    9.68416e+03   -1.77072e+02   -3.91758e+04
   Coul. recip.      Potential    Kinetic En.   Total Energy  Conserved En.
    1.72690e+01   -2.66463e+04    1.47034e+03   -2.51760e+04   -2.35386e+04
    Temperature Pres. DC (bar) Pressure (bar)
    9.10377e+01   -2.55037e+02    9.36008e+03

           Step           Time
           7000        3.50000

   Energies (kJ/mol)
           Bond          Angle        LJ (SR)  Disper. corr.   Coulomb (SR)
    2.02958e+03    5.87288e+02    6.37265e+03   -1.51516e+02   -3.60063e+04
   Coul. recip.      Potential    Kinetic En.   Total Energy  Conserved En.
    1.64544e+01   -2.71518e+04    1.71378e+03   -2.54380e+04   -2.31970e+04
    Temperature Pres. DC (bar) Pressure (bar)
    1.06111e+02   -1.86800e+02   -9.81383e+03

           Step           Time
           8000        4.00000

   Energies (kJ/mol)
           Bond          Angle        LJ (SR)  Disper. corr.   Coulomb (SR)
    1.96160e+03    7.81213e+02    8.55178e+03   -1.69916e+02   -3.81536e+04
   Coul. recip.      Potential    Kinetic En.   Total Energy  Conserved En.
    1.70774e+01   -2.70118e+04    1.75796e+03   -2.52539e+04   -2.26997e+04
    Temperature Pres. DC (bar) Pressure (bar)
    1.08846e+02   -2.34859e+02    4.31719e+03

           Step           Time
           9000        4.50000

   Energies (kJ/mol)
           Bond          Angle        LJ (SR)  Disper. corr.   Coulomb (SR)
    2.29323e+03    7.59246e+02    8.09658e+03   -1.60737e+02   -3.84516e+04
   Coul. recip.      Potential    Kinetic En.   Total Energy  Conserved En.
    1.61296e+01   -2.74471e+04    1.61280e+03   -2.58343e+04   -2.22460e+04
    Temperature Pres. DC (bar) Pressure (bar)
    9.98587e+01   -2.10197e+02   -4.52401e+03

           Step           Time
          10000        5.00000

   Energies (kJ/mol)
           Bond          Angle        LJ (SR)  Disper. corr.   Coulomb (SR)
    1.85009e+03    6.47884e+02    8.05404e+03   -1.62648e+02   -3.76602e+04
   Coul. recip.      Potential    Kinetic En.   Total Energy  Conserved En.
    1.50124e+01   -2.72558e+04    1.88145e+03   -2.53743e+04   -2.16607e+04
    Temperature Pres. DC (bar) Pressure (bar)
    1.16493e+02   -2.15219e+02    1.63864e+03

           Step           Time
          11000        5.50000

   Energies (kJ/mol)
           Bond          Angle        LJ (SR)  Disper. corr.   Coulomb (SR)
    2.51531e+03    7.70138e+02    9.99190e+03   -1.69768e+02   -4.04013e+04
   Coul. recip.      Potential    Kinetic En.   Total Energy  Conserved En.
    1.42455e+01   -2.72794e+04    1.58400e+03   -2.56954e+04   -2.10845e+04
    Temperature Pres. DC (bar) Pressure (bar)
    9.80756e+01   -2.34451e+02    3.59362e+03

           Step           Time
          12000        6.00000

   Energies (kJ/mol)
           Bond          Angle        LJ (SR)  Disper. corr.   Coulomb (SR)
    1.71051e+03    6.61610e+02    6.98769e+03   -1.58678e+02   -3.62241e+04
   Coul. recip.      Potential    Kinetic En.   Total Energy  Conserved En.
    2.03980e+01   -2.70026e+04    1.88321e+03   -2.51194e+04   -2.05471e+04
    Temperature Pres. DC (bar) Pressure (bar)
    1.16601e+02   -2.04852e+02   -2.55097e+03

           Step           Time
          13000        6.50000

   Energies (kJ/mol)
           Bond          Angle        LJ (SR)  Disper. corr.   Coulomb (SR)
    2.54096e+03    7.59596e+02    1.10098e+04   -1.72563e+02   -4.13106e+04
   Coul. recip.      Potential    Kinetic En.   Total Energy  Conserved En.
    1.40709e+01   -2.71588e+04    1.57446e+03   -2.55844e+04   -2.00930e+04
    Temperature Pres. DC (bar) Pressure (bar)
    9.74846e+01   -2.42228e+02    8.89753e+03

           Step           Time
          14000        7.00000

   Energies (kJ/mol)
           Bond          Angle        LJ (SR)  Disper. corr.   Coulomb (SR)
    1.66647e+03    6.26171e+02    6.45294e+03   -1.54191e+02   -3.57698e+04
   Coul. recip.      Potential    Kinetic En.   Total Energy  Conserved En.
    1.69214e+01   -2.71615e+04    1.76515e+03   -2.53964e+04   -1.97466e+04
    Temperature Pres. DC (bar) Pressure (bar)
    1.09291e+02   -1.93444e+02   -5.69284e+03

           Step           Time
          15000        7.50000

   Energies (kJ/mol)
           Bond          Angle        LJ (SR)  Disper. corr.   Coulomb (SR)
    2.37829e+03    8.42152e+02    1.09728e+04   -1.78868e+02   -4.08883e+04
   Coul. recip.      Potential    Kinetic En.   Total Energy  Conserved En.
    1.47486e+01   -2.68592e+04    1.45974e+03   -2.53994e+04   -1.94089e+04
    Temperature Pres. DC (bar) Pressure (bar)
    9.03817e+01   -2.60231e+02    1.16828e+04

           Step           Time
          16000        8.00000

   Energies (kJ/mol)
           Bond          Angle        LJ (SR)  Disper. corr.   Coulomb (SR)
    1.61745e+03    6.15486e+02    5.82823e+03   -1.51111e+02   -3.48280e+04
   Coul. recip.      Potential    Kinetic En.   Total Energy  Conserved En.
    1.80837e+01   -2.68998e+04    1.71063e+03   -2.51892e+04   -1.91113e+04
    Temperature Pres. DC (bar) Pressure (bar)
    1.05916e+02   -1.85803e+02   -8.13895e+03

           Step           Time
          17000        8.50000

   Energies (kJ/mol)
           Bond          Angle        LJ (SR)  Disper. corr.   Coulomb (SR)
    2.26508e+03    8.09280e+02    1.07716e+04   -1.80105e+02   -4.03447e+04
   Coul. recip.      Potential    Kinetic En.   Total Energy  Conserved En.
    1.74760e+01   -2.66613e+04    1.36598e+03   -2.52953e+04   -1.88198e+04
    Temperature Pres. DC (bar) Pressure (bar)
    8.45767e+01   -2.63840e+02    1.23016e+04

           Step           Time
          18000        9.00000

   Energies (kJ/mol)
           Bond          Angle        LJ (SR)  Disper. corr.   Coulomb (SR)
    1.59377e+03    5.74486e+02    5.49699e+03   -1.49319e+02   -3.44351e+04
   Coul. recip.      Potential    Kinetic En.   Total Energy  Conserved En.
    1.79668e+01   -2.69012e+04    1.62017e+03   -2.52811e+04   -1.85615e+04
    Temperature Pres. DC (bar) Pressure (bar)
    1.00315e+02   -1.81428e+02   -9.86829e+03

           Step           Time
          19000        9.50000

   Energies (kJ/mol)
           Bond          Angle        LJ (SR)  Disper. corr.   Coulomb (SR)
    2.07539e+03    8.07446e+02    9.80454e+03   -1.80961e+02   -3.90093e+04
   Coul. recip.      Potential    Kinetic En.   Total Energy  Conserved En.
    1.81250e+01   -2.64848e+04    1.31053e+03   -2.51742e+04   -1.83037e+04
    Temperature Pres. DC (bar) Pressure (bar)
    8.11432e+01   -2.66350e+02    9.87556e+03

           Step           Time
          20000       10.00000

   Energies (kJ/mol)
           Bond          Angle        LJ (SR)  Disper. corr.   Coulomb (SR)
    1.62517e+03    5.54301e+02    5.45085e+03   -1.49035e+02   -3.44020e+04
   Coul. recip.      Potential    Kinetic En.   Total Energy  Conserved En.
    1.81019e+01   -2.69026e+04    1.59924e+03   -2.53034e+04   -1.80346e+04
    Temperature Pres. DC (bar) Pressure (bar)
    9.90190e+01   -1.80740e+02   -1.06371e+04

           Step           Time
          21000       10.50000

   Energies (kJ/mol)
           Bond          Angle        LJ (SR)  Disper. corr.   Coulomb (SR)
    1.97199e+03    8.08778e+02    9.05457e+03   -1.77769e+02   -3.81500e+04
   Coul. recip.      Potential    Kinetic En.   Total Energy  Conserved En.
    2.02802e+01   -2.64722e+04    1.33918e+03   -2.51330e+04   -1.77901e+04
    Temperature Pres. DC (bar) Pressure (bar)
    8.29169e+01   -2.57045e+02    6.69746e+03

           Step           Time
          22000       11.00000

   Energies (kJ/mol)
           Bond          Angle        LJ (SR)  Disper. corr.   Coulomb (SR)
    1.78372e+03    6.15508e+02    6.01388e+03   -1.50974e+02   -3.54877e+04
   Coul. recip.      Potential    Kinetic En.   Total Energy  Conserved En.
    1.62483e+01   -2.72093e+04    1.58437e+03   -2.56250e+04   -1.75741e+04
    Temperature Pres. DC (bar) Pressure (bar)
    9.80982e+01   -1.85466e+02   -1.01205e+04

           Step           Time
          23000       11.50000

   Energies (kJ/mol)
           Bond          Angle        LJ (SR)  Disper. corr.   Coulomb (SR)
    1.88746e+03    7.66747e+02    8.67631e+03   -1.74639e+02   -3.78498e+04
   Coul. recip.      Potential    Kinetic En.   Total Energy  Conserved En.
    2.22755e+01   -2.66717e+04    1.40925e+03   -2.52624e+04   -1.73249e+04
    Temperature Pres. DC (bar) Pressure (bar)
    8.72557e+01   -2.48085e+02    5.22364e+03

           Step           Time
          24000       12.00000

   Energies (kJ/mol)
           Bond          Angle        LJ (SR)  Disper. corr.   Coulomb (SR)
    1.98855e+03    6.04753e+02    7.24763e+03   -1.56108e+02   -3.71211e+04
   Coul. recip.      Potential    Kinetic En.   Total Energy  Conserved En.
    1.62347e+01   -2.74201e+04    1.75249e+03   -2.56676e+04   -1.71384e+04
    Temperature Pres. DC (bar) Pressure (bar)
    1.08508e+02   -1.98279e+02   -6.15937e+03

           Step           Time
          25000       12.50000

   Energies (kJ/mol)
           Bond          Angle        LJ (SR)  Disper. corr.   Coulomb (SR)
    1.91232e+03    7.60366e+02    8.56448e+03   -1.69365e+02   -3.79789e+04
   Coul. recip.      Potential    Kinetic En.   Total Energy  Conserved En.
    1.76803e+01   -2.68934e+04    1.56821e+03   -2.53252e+04   -1.69717e+04
    Temperature Pres. DC (bar) Pressure (bar)
    9.70978e+01   -2.33340e+02    3.31994e+03

           Step           Time
          26000       13.00000

   Energies (kJ/mol)
           Bond          Angle        LJ (SR)  Disper. corr.   Coulomb (SR)
    2.06706e+03    7.09224e+02    7.96786e+03   -1.59722e+02   -3.80850e+04
   Coul. recip.      Potential    Kinetic En.   Total Energy  Conserved En.
    1.82409e+01   -2.74824e+04    1.54489e+03   -2.59375e+04   -1.68274e+04
    Temperature Pres. DC (bar) Pressure (bar)
    9.56541e+01   -2.07554e+02   -3.56371e+03

           Step           Time
          27000       13.50000

   Energies (kJ/mol)
           Bond          Angle        LJ (SR)  Disper. corr.   Coulomb (SR)
    1.82625e+03    7.06727e+02    7.82713e+03   -1.63336e+02   -3.72844e+04
   Coul. recip.      Potential    Kinetic En.   Total Energy  Conserved En.
    2.06999e+01   -2.70669e+04    1.59781e+03   -2.54691e+04   -1.66482e+04
    Temperature Pres. DC (bar) Pressure (bar)
    9.89307e+01   -2.17042e+02   -1.75054e+02

           Step           Time
          28000       14.00000

   Energies (kJ/mol)
           Bond          Angle        LJ (SR)  Disper. corr.   Coulomb (SR)
    2.28716e+03    7.45007e+02    9.65587e+03   -1.66590e+02   -3.99195e+04
   Coul. recip.      Potential    Kinetic En.   Total Energy  Conserved En.
    1.98864e+01   -2.73782e+04    1.57345e+03   -2.58047e+04   -1.65027e+04
    Temperature Pres. DC (bar) Pressure (bar)
    9.74219e+01   -2.25765e+02    3.42068e+03

           Step           Time
          29000       14.50000

   Energies (kJ/mol)
           Bond          Angle        LJ (SR)  Disper. corr.   Coulomb (SR)
    1.84600e+03    6.99430e+02    7.64247e+03   -1.59629e+02   -3.72808e+04
   Coul. recip.      Potential    Kinetic En.   Total Energy  Conserved En.
    2.14116e+01   -2.72312e+04    1.71428e+03   -2.55169e+04   -1.64050e+04
    Temperature Pres. DC (bar) Pressure (bar)
    1.06142e+02   -2.07313e+02   -1.73128e+03

           Step           Time
          30000       15.00000

   Energies (kJ/mol)
           Bond          Angle        LJ (SR)  Disper. corr.   Coulomb (SR)
    2.23334e+03    8.34888e+02    9.86882e+03   -1.70654e+02   -3.99324e+04
   Coul. recip.      Potential    Kinetic En.   Total Energy  Conserved En.
    1.57988e+01   -2.71502e+04    1.43911e+03   -2.57111e+04   -1.63062e+04
    Temperature Pres. DC (bar) Pressure (bar)
    8.91046e+01   -2.36902e+02    6.00034e+03

           Step           Time
          31000       15.50000

   Energies (kJ/mol)
           Bond          Angle        LJ (SR)  Disper. corr.   Coulomb (SR)
    1.84412e+03    6.44135e+02    7.04858e+03   -1.55789e+02   -3.67460e+04
   Coul. recip.      Potential    Kinetic En.   Total Energy  Conserved En.
    1.66452e+01   -2.73483e+04    1.65420e+03   -2.56941e+04   -1.62225e+04
    Temperature Pres. DC (bar) Pressure (bar)
    1.02422e+02   -1.97471e+02   -5.16839e+03

           Step           Time
          32000       16.00000

   Energies (kJ/mol)
           Bond          Angle        LJ (SR)  Disper. corr.   Coulomb (SR)
    2.11926e+03    8.32634e+02    9.40919e+03   -1.70919e+02   -3.91558e+04
   Coul. recip.      Potential    Kinetic En.   Total Energy  Conserved En.
    1.62437e+01   -2.69494e+04    1.42689e+03   -2.55225e+04   -1.61546e+04
    Temperature Pres. DC (bar) Pressure (bar)
    8.83476e+01   -2.37639e+02    5.47498e+03

           Step           Time
          33000       16.50000

   Energies (kJ/mol)
           Bond          Angle        LJ (SR)  Disper. corr.   Coulomb (SR)
    1.94361e+03    6.44438e+02    7.42150e+03   -1.56905e+02   -3.72697e+04
   Coul. recip.      Potential    Kinetic En.   Total Energy  Conserved En.
    1.56509e+01   -2.74015e+04    1.64128e+03   -2.57602e+04   -1.60988e+04
    Temperature Pres. DC (bar) Pressure (bar)
    1.01622e+02   -2.00306e+02   -4.46020e+03

           Step           Time
          34000       17.00000

   Energies (kJ/mol)
           Bond          Angle        LJ (SR)  Disper. corr.   Coulomb (SR)
    2.03399e+03    7.58212e+02    9.02438e+03   -1.67825e+02   -3.87344e+04
   Coul. recip.      Potential    Kinetic En.   Total Energy  Conserved En.
    1.72215e+01   -2.70685e+04    1.41402e+03   -2.56544e+04   -1.60431e+04
    Temperature Pres. DC (bar) Pressure (bar)
    8.75507e+01   -2.29121e+02    4.05175e+03

           Step           Time
          35000       17.50000

   Energies (kJ/mol)
           Bond          Angle        LJ (SR)  Disper. corr.   Coulomb (SR)
    2.05185e+03    6.63500e+02    7.89957e+03   -1.59473e+02   -3.78770e+04
   Coul. recip.      Potential    Kinetic En.   Total Energy  Conserved En.
    1.69304e+01   -2.74047e+04    1.58008e+03   -2.58246e+04   -1.59760e+04
    Temperature Pres. DC (bar) Pressure (bar)
    9.78324e+01   -2.06908e+02   -3.20975e+03

           Step           Time
          36000       18.00000

   Energies (kJ/mol)
           Bond          Angle        LJ (SR)  Disper. corr.   Coulomb (SR)
    1.87898e+03    6.86812e+02    7.72213e+03   -1.61759e+02   -3.72907e+04
   Coul. recip.      Potential    Kinetic En.   Total Energy  Conserved En.
    1.82419e+01   -2.71463e+04    1.56398e+03   -2.55823e+04   -1.58919e+04
    Temperature Pres. DC (bar) Pressure (bar)
    9.68359e+01   -2.12876e+02   -1.39562e+03

           Step           Time
          37000       18.50000

   Energies (kJ/mol)
           Bond          Angle        LJ (SR)  Disper. corr.   Coulomb (SR)
    2.23274e+03    7.89186e+02    9.29880e+03   -1.66125e+02   -3.94840e+04
   Coul. recip.      Potential    Kinetic En.   Total Energy  Conserved En.
    1.68224e+01   -2.73126e+04    1.42064e+03   -2.58919e+04   -1.58263e+04
    Temperature Pres. DC (bar) Pressure (bar)
    8.79610e+01   -2.24509e+02    2.49259e+03

           Step           Time
          38000       19.00000

   Energies (kJ/mol)
           Bond          Angle        LJ (SR)  Disper. corr.   Coulomb (SR)
    1.85403e+03    6.54463e+02    7.01113e+03   -1.56000e+02   -3.65829e+04
   Coul. recip.      Potential    Kinetic En.   Total Energy  Conserved En.
    1.87225e+01   -2.72006e+04    1.68020e+03   -2.55204e+04   -1.57421e+04
    Temperature Pres. DC (bar) Pressure (bar)
    1.04032e+02   -1.98004e+02   -4.92182e+03

           Step           Time
          39000       19.50000

   Energies (kJ/mol)
           Bond          Angle        LJ (SR)  Disper. corr.   Coulomb (SR)
    2.18549e+03    7.80906e+02    9.73947e+03   -1.69822e+02   -3.96090e+04
   Coul. recip.      Potential    Kinetic En.   Total Energy  Conserved En.
    1.78578e+01   -2.70551e+04    1.46842e+03   -2.55866e+04   -1.56836e+04
    Temperature Pres. DC (bar) Pressure (bar)
    9.09189e+01   -2.34602e+02    6.45269e+03

           Step           Time
          40000       20.00000

Writing checkpoint, step 40000 at Tue Apr 14 12:58:22 2026


   Energies (kJ/mol)
           Bond          Angle        LJ (SR)  Disper. corr.   Coulomb (SR)
    1.95251e+03    6.19457e+02    7.08685e+03   -1.54927e+02   -3.67976e+04
   Coul. recip.      Potential    Kinetic En.   Total Energy  Conserved En.
    1.65170e+01   -2.72772e+04    1.62726e+03   -2.56499e+04   -1.56201e+04
    Temperature Pres. DC (bar) Pressure (bar)
    1.00754e+02   -1.95294e+02   -6.03226e+03


Energy conservation over simulation part #1 of length 20 ps, time 0 to 20 ps
  Conserved energy drift: 3.69e-01 kJ/mol/ps per atom


	<======  ###############  ==>
	<====  A V E R A G E S  ====>
	<==  ###############  ======>

	Statistics over 40001 steps using 401 frames

   Energies (kJ/mol)
           Bond          Angle        LJ (SR)  Disper. corr.   Coulomb (SR)
    2.02314e+03    7.17541e+02    8.19261e+03   -1.63444e+02   -3.78389e+04
   Coul. recip.      Potential    Kinetic En.   Total Energy  Conserved En.
    1.76559e+01   -2.70514e+04    1.57123e+03   -2.54801e+04   -1.90604e+04
    Temperature Pres. DC (bar) Pressure (bar)
    9.72848e+01   -2.18171e+02    1.01579e+02

          Box-X          Box-Y          Box-Z
    2.26003e+00    2.12446e+00    2.61067e+00

   Total Virial (kJ/mol)
    5.33821e+02   -8.13806e+01   -8.19208e+01
   -8.13808e+01    6.59834e+02    1.35524e+01
   -8.19209e+01    1.35525e+01    7.68222e+02

   Pressure (bar)
    3.40497e+02    2.05308e+02    1.83982e+02
    2.05309e+02    1.50948e+02   -3.54683e+01
    1.83982e+02   -3.54688e+01   -1.86707e+02


	M E G A - F L O P S   A C C O U N T I N G

 NB=Group-cutoff nonbonded kernels    NxN=N-by-N cluster Verlet kernels
 RF=Reaction-Field  VdW=Van der Waals  QSTab=quadratic-spline table
 W3=SPC/TIP3p  W4=TIP4p (single or pairs)
 V&F=Potential and force  V=Potential only  F=Force only

 Computing:                               M-Number         M-Flops  % Flops
-----------------------------------------------------------------------------
 Pair Search distance check             137.155208        1234.397     0.1
 NxN Ewald Elec. + LJ [F]              9743.732856      643086.368    46.3
 NxN Ewald Elec. + LJ [V&F]              98.655088       10556.094     0.8
 NxN Ewald Elec. [F]                   9732.842856      593703.414    42.7
 NxN Ewald Elec. [V&F]                   98.545088        8277.787     0.6
 Calc Weights                           155.523888        5598.860     0.4
 Spread Q Bspline                      3317.842944        6635.686     0.5
 Gather F Bspline                      3317.842944       19907.058     1.4
 3D-FFT                               10159.933992       81279.472     5.9
 Solve PME                              208.005200       13312.333     1.0
 Reset In Box                             0.518400           1.555     0.0
 CG-CoM                                   0.519696           1.559     0.0
 Bonds                                   34.560864        2039.091     0.1
 Angles                                  17.280432        2903.113     0.2
 Virial                                   2.683341          48.300     0.0
 Stop-CM                                  0.519696           5.197     0.0
 Calc-Ekin                               20.738592         559.942     0.0
-----------------------------------------------------------------------------
 Total                                                 1389150.227   100.0
-----------------------------------------------------------------------------


    D O M A I N   D E C O M P O S I T I O N   S T A T I S T I C S

 av. #atoms communicated per step for force:  2 x 0.0


      R E A L   C Y C L E   A N D   T I M E   A C C O U N T I N G

On 1 MPI rank, each using 8 OpenMP threads

 Activity:              Num   Num      Call    Wall time         Giga-Cycles
                        Ranks Threads  Count      (s)         total sum    %
--------------------------------------------------------------------------------
 Domain decomp.            1    8        400       0.285          2.281   0.6
 Neighbor search           1    8        401       0.280          2.238   0.6
 Force                     1    8      40001      15.999        127.995  32.5
 PME mesh                  1    8      40001      21.949        175.589  44.6
 NB X/F buffer ops.        1    8      80002       5.674         45.394  11.5
 Write traj.               1    8         41       0.032          0.257   0.1
 Update                    1    8      40001       3.822         30.575   7.8
 Kinetic energy            1    8      16001       0.793          6.347   1.6
 Rest                                              0.390          3.124   0.8
--------------------------------------------------------------------------------
 Total                                            49.225        393.799 100.0
--------------------------------------------------------------------------------
 Breakdown of PME mesh activities
--------------------------------------------------------------------------------
 PME spread                1    8      40001       6.344         50.754  12.9
 PME gather                1    8      40001       7.869         62.950  16.0
 PME 3D-FFT                1    8      80002       6.605         52.843  13.4
 PME solve Elec            1    8      40001       0.126          1.004   0.3
--------------------------------------------------------------------------------

               Core t (s)   Wall t (s)        (%)
       Time:      393.799       49.225      800.0
                 (ns/day)    (hour/ns)
Performance:       35.105        0.684
Finished mdrun on rank 0 Tue Apr 14 12:58:22 2026

