                  :-) GROMACS - gmx mdrun, 2025.4-Homebrew (-:

Copyright 1991-2025 The GROMACS Authors.
GROMACS is free software; you can redistribute it and/or modify it
under the terms of the GNU Lesser General Public License
as published by the Free Software Foundation; either version 2.1
of the License, or (at your option) any later version.

                         Current GROMACS contributors:
       Mark Abraham           Andrey Alekseenko           Brian Andrews       
      Vladimir Basov              Paul Bauer                Hugh Bird         
      Eliane Briand               Ania Brown              Mahesh Doijade      
      Giacomo Fiorin          Stefan Fleischmann          Sergey Gorelov      
   Gilles Gouaillardet            Alan Gray              M. Eric Irrgang      
   Farzaneh Jalalypour         Petter Johansson          Carsten Kutzner      
    Grzegorz Łazarski         Justin A. Lemkul          Magnus Lundborg      
       Pascal Merz             Vedran Miletić            Dmitry Morozov      
     Lukas Müllender            Julien Nabet             Szilárd Páll      
 Andrea Pasquadibisceglie     Michele Pellegrino         Nicola Piasentin     
     Daniele Rapetti         Muhammad Umair Sadiq         Hubert Santuz       
      Roland Schulz             Michael Shirts           Tatiana Shugaeva     
     Alexey Shvetsov            Philip Turner            Alessandra Villa     
 Sebastian Wingbermühle  

                         Previous GROMACS contributors:
        Emile Apol             Rossen Apostolov           James Barnett       
  Herman J.C. Berendsen         Cathrine Bergh             Par Bjelkmar       
      Christian Blau          Viacheslav Bolnykh            Kevin Boyd        
    Aldert van Buuren          Carlo Camilloni           Rudi van Drunen      
      Anton Feenstra           Oliver Fleetwood            Vytas Gapsys       
       Gaurav Garg             Gerrit Groenhof            Bert de Groot       
      Anca Hamuraru           Vincent Hindriksen          Victor Holanda      
     Aleksei Iupinov              Joe Jordan            Christoph Junghans    
    Prashanth Kanduri        Dimitrios Karkoulis           Peter Kasson       
      Sebastian Kehl           Sebastian Keller             Jiri Kraus        
       Per Larsson              Viveca Lindahl            Erik Marklund       
    Pieter Meulenhoff           Teemu Murtola              Sander Pronk       
      Alfons Sijbers            Balint Soproni         David van der Spoel    
      Peter Tieleman            Carsten Uphoff             Jon Vincent        
     Teemu Virolainen         Christian Wennberg           Maarten Wolf       
      Artem Zhmurov       

                  Coordinated by the GROMACS project leaders:
                           Berk Hess and Erik Lindahl

GROMACS:      gmx mdrun, version 2025.4-Homebrew
Executable:   /opt/homebrew/bin/../Cellar/gromacs/2025.4/bin/gmx
Data prefix:  /opt/homebrew/bin/../Cellar/gromacs/2025.4
Working dir:  /Users/mackenziehenley/cp2k/Ammonia/GROMACS/nh3_ice_vdos
Process ID:   87088
Command line:
  gmx mdrun -v -deffnm nvt

GROMACS version:     2025.4-Homebrew
Precision:           mixed
Memory model:        64 bit
MPI library:         thread_mpi
OpenMP support:      enabled (GMX_OPENMP_MAX_THREADS = 128)
GPU support:         disabled
SIMD instructions:   ARM_NEON_ASIMD
CPU FFT library:     fftw-3.3.10
GPU FFT library:     none
Multi-GPU FFT:       none
TNG support:         enabled
Hwloc support:       disabled
Tracing support:     disabled
C compiler:          /opt/homebrew/opt/gcc/bin/gcc-15
C compiler flags:    -fexcess-precision=fast -funroll-all-loops -Wno-missing-field-initializers -O3 -DNDEBUG
C++ compiler:        /opt/homebrew/opt/gcc/bin/g++-15
C++ compiler flags:  -fexcess-precision=fast -funroll-all-loops -Wno-missing-field-initializers -Weverything -Wno-c++98-compat -Wno-c++98-compat-pedantic -Wno-return-std-move-in-c++11 -Wno-source-uses-openmp -Wno-c++17-extensions -Wno-documentation-unknown-command -Wno-covered-switch-default -Wno-switch-enum -Wno-switch-default -Wno-extra-semi-stmt -Wno-weak-vtables -Wno-shadow -Wno-padded -Wno-reserved-id-macro -Wno-double-promotion -Wno-exit-time-destructors -Wno-global-constructors -Wno-documentation -Wno-format-nonliteral -Wno-used-but-marked-unused -Wno-float-equal -Wno-conditional-uninitialized -Wno-conversion -Wno-disabled-macro-expansion -Wno-unused-macros -Wno-unsafe-buffer-usage -Wno-cast-function-type-strict SHELL:-fopenmp -O3 -DNDEBUG
BLAS library:        External - detected on the system
LAPACK library:      External - detected on the system


Running on 1 node with total 0 processing units
Hardware detected on host MacBook-Air-958.local:
  CPU info:
    Vendor: ARM
    Brand:  Unknown CPU brand
    Family: 0   Model: 0   Stepping: 0
    Features: neon neon_asimd
  Hardware topology: Only logical processor count
    CPU limit set by OS: -1   Recommended max number of threads: 8


++++ PLEASE READ AND CITE THE FOLLOWING REFERENCE ++++
M. J. Abraham, T. Murtola, R. Schulz, S. Páll, J. C. Smith, B. Hess, E.
Lindahl
GROMACS: High performance molecular simulations through multi-level
parallelism from laptops to supercomputers
SoftwareX (2015)
DOI: 10.1016/j.softx.2015.06.001
-------- -------- --- Thank You --- -------- --------


++++ PLEASE READ AND CITE THE FOLLOWING REFERENCE ++++
S. Páll, M. J. Abraham, C. Kutzner, B. Hess, E. Lindahl
Tackling Exascale Software Challenges in Molecular Dynamics Simulations with
GROMACS
In S. Markidis & E. Laure (Eds.), Solving Software Challenges for Exascale (2015)
DOI: 10.1007/978-3-319-15976-8_1
-------- -------- --- Thank You --- -------- --------


++++ PLEASE READ AND CITE THE FOLLOWING REFERENCE ++++
S. Pronk, S. Páll, R. Schulz, P. Larsson, P. Bjelkmar, R. Apostolov, M. R.
Shirts, J. C. Smith, P. M. Kasson, D. van der Spoel, B. Hess, E. Lindahl
GROMACS 4.5: a high-throughput and highly parallel open source molecular
simulation toolkit
Bioinformatics (2013)
DOI: 10.1093/bioinformatics/btt055
-------- -------- --- Thank You --- -------- --------


++++ PLEASE READ AND CITE THE FOLLOWING REFERENCE ++++
B. Hess, C. Kutzner, D. van der Spoel, E. Lindahl
GROMACS 4: Algorithms for highly efficient, load-balanced, and scalable
molecular simulation
J. Chem. Theory Comput. (2008)
DOI: 10.1021/ct700301q
-------- -------- --- Thank You --- -------- --------


++++ PLEASE READ AND CITE THE FOLLOWING REFERENCE ++++
D. van der Spoel, E. Lindahl, B. Hess, G. Groenhof, A. E. Mark, H. J. C.
Berendsen
GROMACS: Fast, Flexible and Free
J. Comp. Chem. (2005)
DOI: 10.1002/jcc.20291
-------- -------- --- Thank You --- -------- --------


++++ PLEASE READ AND CITE THE FOLLOWING REFERENCE ++++
E. Lindahl, B. Hess, D. van der Spoel
GROMACS 3.0: A package for molecular simulation and trajectory analysis
J. Mol. Mod. (2001)
DOI: 10.1007/s008940100045
-------- -------- --- Thank You --- -------- --------


++++ PLEASE READ AND CITE THE FOLLOWING REFERENCE ++++
H. J. C. Berendsen, D. van der Spoel and R. van Drunen
GROMACS: A message-passing parallel molecular dynamics implementation
Comp. Phys. Comm. (1995)
DOI: 10.1016/0010-4655(95)00042-E
-------- -------- --- Thank You --- -------- --------

Input Parameters:
   integrator                     = md
   tinit                          = 0
   dt                             = 0.0005
   nsteps                         = 40000
   init-step                      = 0
   simulation-part                = 1
   mts                            = false
   mass-repartition-factor        = 1
   comm-mode                      = Linear
   nstcomm                        = 100
   bd-fric                        = 0
   ld-seed                        = 2105523646
   emtol                          = 10
   emstep                         = 0.01
   niter                          = 20
   fcstep                         = 0
   nstcgsteep                     = 1000
   nbfgscorr                      = 10
   rtpi                           = 0.05
   nstxout                        = 1000
   nstvout                        = 1000
   nstfout                        = 0
   nstlog                         = 1000
   nstcalcenergy                  = 100
   nstenergy                      = 100
   nstxout-compressed             = 0
   compressed-x-precision         = 1000
   cutoff-scheme                  = Verlet
   nstlist                        = 20
   pbc                            = xyz
   periodic-molecules             = false
   verlet-buffer-tolerance        = 0.005
   verlet-buffer-pressure-tolerance = 0.5
   rlist                          = 1
   coulombtype                    = PME
   coulomb-modifier               = Potential-shift
   rcoulomb-switch                = 0
   rcoulomb                       = 1
   epsilon-r                      = 1
   epsilon-rf                     = inf
   vdw-type                       = Cut-off
   vdw-modifier                   = Potential-shift
   rvdw-switch                    = 0
   rvdw                           = 1
   DispCorr                       = EnerPres
   table-extension                = 1
   fourierspacing                 = 0.12
   fourier-nx                     = 25
   fourier-ny                     = 25
   fourier-nz                     = 25
   pme-order                      = 4
   ewald-rtol                     = 1e-05
   ewald-rtol-lj                  = 0.001
   lj-pme-comb-rule               = Geometric
   ewald-geometry                 = 3d
   epsilon-surface                = 0
   ensemble-temperature-setting   = constant
   ensemble-temperature           = 94
   tcoupl                         = V-rescale
   nsttcouple                     = 25
   nh-chain-length                = 0
   print-nose-hoover-chain-variables = false
   pcoupl                         = No
   refcoord-scaling               = No
   posres-com: not available
   posres-comB: not available
   QMMM                           = false
qm-opts:
   ngQM                           = 0
   constraint-algorithm           = Lincs
   continuation                   = false
   Shake-SOR                      = false
   shake-tol                      = 0.0001
   lincs-order                    = 4
   lincs-iter                     = 1
   lincs-warnangle                = 30
   nwall                          = 0
   wall-type                      = 9-3
   wall-r-linpot                  = -1
   wall-atomtype[0]               = -1
   wall-atomtype[1]               = -1
   wall-density[0]                = 0
   wall-density[1]                = 0
   wall-ewald-zfac                = 3
   pull                           = false
   awh                            = false
   rotation                       = false
   interactiveMD                  = false
   disre                          = No
   disre-weighting                = Conservative
   disre-mixed                    = false
   dr-fc                          = 1000
   dr-tau                         = 0
   nstdisreout                    = 100
   orire-fc                       = 0
   orire-tau                      = 0
   nstorireout                    = 100
   free-energy                    = no
   cos-acceleration               = 0
   deform (3x3):
      deform[    0]={ 0.00000e+00,  0.00000e+00,  0.00000e+00}
      deform[    1]={ 0.00000e+00,  0.00000e+00,  0.00000e+00}
      deform[    2]={ 0.00000e+00,  0.00000e+00,  0.00000e+00}
   simulated-tempering            = false
   swapcoords                     = no
   userint1                       = 0
   userint2                       = 0
   userint3                       = 0
   userint4                       = 0
   userreal1                      = 0
   userreal2                      = 0
   userreal3                      = 0
   userreal4                      = 0
   applied-forces:
     electric-field:
       x:
         E0                       = 0
         omega                    = 0
         t0                       = 0
         sigma                    = 0
       y:
         E0                       = 0
         omega                    = 0
         t0                       = 0
         sigma                    = 0
       z:
         E0                       = 0
         omega                    = 0
         t0                       = 0
         sigma                    = 0
     density-guided-simulation:
       active                     = false
       group                      = protein
       similarity-measure         = inner-product
       atom-spreading-weight      = unity
       force-constant             = 1e+09
       gaussian-transform-spreading-width = 0.2
       gaussian-transform-spreading-range-in-multiples-of-width = 4
       reference-density-filename = reference.mrc
       nst                        = 1
       normalize-densities        = true
       adaptive-force-scaling     = false
       adaptive-force-scaling-time-constant = 4
       shift-vector               = 
       transformation-matrix      = 
     qmmm-cp2k:
       active                     = false
       qmgroup                    = System
       qmmethod                   = PBE
       qmfilenames                = 
       qmcharge                   = 0
       qmmultiplicity             = 1
     colvars:
       active                     = false
       configfile                 = 
       seed                       = -1
     nnpot:
       active                     = false
       modelfile                  = model.pt
       input-group                = System
       model-input1               = 
       model-input2               = 
       model-input3               = 
       model-input4               = 
grpopts:
   nrdf:        5997
   ref-t:          94
   tau-t:         0.1
annealing:          No
annealing-npoints:           0
   acc:	           0           0           0
   nfreeze:           N           N           N
   energygrp-flags[  0]: 0

Changing nstlist from 20 to 100, rlist from 1 to 1.008

When checking whether update groups are usable:
  No constraints or virtual sites are in use, so it is best not to use update groups

Initializing Domain Decomposition on 1 ranks
Dynamic load balancing: auto
Minimum cell size due to atom displacement: 0.279 nm
Initial maximum distances in bonded interactions:
    two-body bonded interactions: 0.165 nm, Exclusion, atoms 722 724
  multi-body bonded interactions: 0.165 nm, Angle, atoms 722 724
Minimum cell size due to bonded interactions: 0.182 nm
Using 0 separate PME ranks because: there are too few total ranks for efficient splitting
Optimizing the DD grid for 1 cells with a minimum initial size of 0.279 nm
The maximum allowed number of cells is: X 10 Y 10 Z 10
Domain decomposition grid 1 x 1 x 1, separate PME ranks 0
PME domain decomposition: 1 x 1 x 1

The initial number of communication pulses is:
The initial domain decomposition cell size is:

The maximum allowed distance for atoms involved in interactions is:
                 non-bonded interactions           1.008 nm
            two-body bonded interactions  (-rdd)   1.008 nm
          multi-body bonded interactions  (-rdd)   1.008 nm

When dynamic load balancing gets turned on, these settings will change to:
The maximum number of communication pulses is:
The minimum size for domain decomposition cells is 1.008 nm
The requested allowed shrink of DD cells (option -dds) is: 0.80
The allowed shrink of domain decomposition cells is:
The maximum allowed distance for atoms involved in interactions is:
                 non-bonded interactions           1.008 nm
            two-body bonded interactions  (-rdd)   1.008 nm
          multi-body bonded interactions  (-rdd)   1.008 nm

Local state does not use filler particles

Using 1 MPI thread
Using 8 OpenMP threads 

System total charge: 0.000
Will do PME sum in reciprocal space for electrostatic interactions.

++++ PLEASE READ AND CITE THE FOLLOWING REFERENCE ++++
U. Essmann, L. Perera, M. L. Berkowitz, T. Darden, H. Lee, L. G. Pedersen 
A smooth particle mesh Ewald method
J. Chem. Phys. (1995)
DOI: 10.1063/1.470117
-------- -------- --- Thank You --- -------- --------

Using a Gaussian width (1/beta) of 0.320163 nm for Ewald
Potential shift: LJ r^-12: -1.000e+00 r^-6: -1.000e+00, Ewald -1.000e-05
Initialized non-bonded Coulomb Ewald tables, spacing: 9.33e-04 size: 1073

Long Range LJ corr.: <C6> 2.1983e-04


Using SIMD4xM 4x4 nonbonded short-range kernels

Using a 4x4 pair-list setup:
  updated every 100 steps, buffer 0.008 nm, rlist 1.008 nm
At tolerance 0.005 kJ/mol/ps per atom, equivalent classical 1x1 list would be:
  updated every 100 steps, buffer 0.070 nm, rlist 1.070 nm

The average pressure is off by at most 0.11 bar due to missing LJ interactions

Using Lorentz-Berthelot Lennard-Jones combination rule
Removing pbc first time

Linking all bonded interactions to atoms


++++ PLEASE READ AND CITE THE FOLLOWING REFERENCE ++++
G. Bussi, D. Donadio, M. Parrinello
Canonical sampling through velocity rescaling
J. Chem. Phys. (2007)
DOI: 10.1063/1.2408420
-------- -------- --- Thank You --- -------- --------

There are: 2000 Atoms

Atom distribution over 1 domains: av 2000 stddev 0 min 2000 max 2000
Center of mass motion removal mode is Linear
We have the following groups for center of mass motion removal:
  0:  rest
Initial temperature: 94.0248 K

Started mdrun on rank 0 Sun Apr 26 15:27:02 2026

           Step           Time
              0        0.00000

   Energies (kJ/mol)
           Bond          Angle        LJ (SR)  Disper. corr.   Coulomb (SR)
    3.66312e+02    8.31115e+02    8.13888e+02   -1.36199e+02   -1.63875e+04
   Coul. recip.      Potential    Kinetic En.   Total Energy  Conserved En.
    5.07917e+02   -1.40045e+04    2.34634e+03   -1.16582e+04   -1.16582e+04
    Temperature Pres. DC (bar) Pressure (bar)
    9.41137e+01   -8.38996e+01   -3.02257e+03

           Step           Time
           1000        0.50000

   Energies (kJ/mol)
           Bond          Angle        LJ (SR)  Disper. corr.   Coulomb (SR)
    6.94899e+02    1.28614e+03    1.14568e+03   -1.36199e+02   -1.76781e+04
   Coul. recip.      Potential    Kinetic En.   Total Energy  Conserved En.
    5.59461e+02   -1.41281e+04    2.57724e+03   -1.15509e+04   -1.16411e+04
    Temperature Pres. DC (bar) Pressure (bar)
    1.03375e+02   -8.38996e+01   -1.37198e+03

           Step           Time
           2000        1.00000

   Energies (kJ/mol)
           Bond          Angle        LJ (SR)  Disper. corr.   Coulomb (SR)
    7.11287e+02    1.37735e+03    1.41077e+03   -1.36199e+02   -1.90805e+04
   Coul. recip.      Potential    Kinetic En.   Total Energy  Conserved En.
    5.83345e+02   -1.51340e+04    2.58652e+03   -1.25474e+04   -1.16419e+04
    Temperature Pres. DC (bar) Pressure (bar)
    1.03747e+02   -8.38996e+01   -2.47707e+03

           Step           Time
           3000        1.50000

   Energies (kJ/mol)
           Bond          Angle        LJ (SR)  Disper. corr.   Coulomb (SR)
    6.63309e+02    1.39648e+03    1.57804e+03   -1.36199e+02   -1.99154e+04
   Coul. recip.      Potential    Kinetic En.   Total Energy  Conserved En.
    5.89656e+02   -1.58241e+04    2.39815e+03   -1.34260e+04   -1.16416e+04
    Temperature Pres. DC (bar) Pressure (bar)
    9.61918e+01   -8.38996e+01   -1.88184e+03

           Step           Time
           4000        2.00000

   Energies (kJ/mol)
           Bond          Angle        LJ (SR)  Disper. corr.   Coulomb (SR)
    5.90778e+02    1.36229e+03    1.48037e+03   -1.36199e+02   -2.01784e+04
   Coul. recip.      Potential    Kinetic En.   Total Energy  Conserved En.
    5.75357e+02   -1.63058e+04    2.36360e+03   -1.39422e+04   -1.16419e+04
    Temperature Pres. DC (bar) Pressure (bar)
    9.48061e+01   -8.38996e+01   -8.16899e+02

           Step           Time
           5000        2.50000

   Energies (kJ/mol)
           Bond          Angle        LJ (SR)  Disper. corr.   Coulomb (SR)
    6.19826e+02    1.45261e+03    1.56923e+03   -1.36199e+02   -2.05710e+04
   Coul. recip.      Potential    Kinetic En.   Total Energy  Conserved En.
    5.63776e+02   -1.65017e+04    2.45077e+03   -1.40510e+04   -1.16414e+04
    Temperature Pres. DC (bar) Pressure (bar)
    9.83025e+01   -8.38996e+01   -1.01565e+03

           Step           Time
           6000        3.00000

   Energies (kJ/mol)
           Bond          Angle        LJ (SR)  Disper. corr.   Coulomb (SR)
    6.49438e+02    1.47787e+03    1.58840e+03   -1.36199e+02   -2.09846e+04
   Coul. recip.      Potential    Kinetic En.   Total Energy  Conserved En.
    5.48185e+02   -1.68569e+04    2.36344e+03   -1.44935e+04   -1.16413e+04
    Temperature Pres. DC (bar) Pressure (bar)
    9.47995e+01   -8.38996e+01   -1.58724e+03

           Step           Time
           7000        3.50000

   Energies (kJ/mol)
           Bond          Angle        LJ (SR)  Disper. corr.   Coulomb (SR)
    6.27169e+02    1.54517e+03    1.65010e+03   -1.36199e+02   -2.12237e+04
   Coul. recip.      Potential    Kinetic En.   Total Energy  Conserved En.
    5.19016e+02   -1.70184e+04    2.40826e+03   -1.46102e+04   -1.16407e+04
    Temperature Pres. DC (bar) Pressure (bar)
    9.65973e+01   -8.38996e+01   -1.02611e+03

           Step           Time
           8000        4.00000

   Energies (kJ/mol)
           Bond          Angle        LJ (SR)  Disper. corr.   Coulomb (SR)
    6.20261e+02    1.50270e+03    1.76393e+03   -1.36199e+02   -2.15817e+04
   Coul. recip.      Potential    Kinetic En.   Total Energy  Conserved En.
    5.03127e+02   -1.73279e+04    2.38282e+03   -1.49451e+04   -1.16415e+04
    Temperature Pres. DC (bar) Pressure (bar)
    9.55769e+01   -8.38996e+01   -7.73654e+02

           Step           Time
           9000        4.50000

   Energies (kJ/mol)
           Bond          Angle        LJ (SR)  Disper. corr.   Coulomb (SR)
    6.39869e+02    1.51041e+03    1.57117e+03   -1.36199e+02   -2.15123e+04
   Coul. recip.      Potential    Kinetic En.   Total Energy  Conserved En.
    5.13116e+02   -1.74140e+04    2.33413e+03   -1.50798e+04   -1.16405e+04
    Temperature Pres. DC (bar) Pressure (bar)
    9.36238e+01   -8.38996e+01   -1.50716e+03

           Step           Time
          10000        5.00000

   Energies (kJ/mol)
           Bond          Angle        LJ (SR)  Disper. corr.   Coulomb (SR)
    6.14894e+02    1.56425e+03    1.81165e+03   -1.36199e+02   -2.19826e+04
   Coul. recip.      Potential    Kinetic En.   Total Energy  Conserved En.
    5.04417e+02   -1.76236e+04    2.29601e+03   -1.53276e+04   -1.16410e+04
    Temperature Pres. DC (bar) Pressure (bar)
    9.20949e+01   -8.38996e+01   -5.27962e+02

           Step           Time
          11000        5.50000

   Energies (kJ/mol)
           Bond          Angle        LJ (SR)  Disper. corr.   Coulomb (SR)
    6.09671e+02    1.51981e+03    1.75107e+03   -1.36199e+02   -2.19192e+04
   Coul. recip.      Potential    Kinetic En.   Total Energy  Conserved En.
    4.92555e+02   -1.76823e+04    2.38513e+03   -1.52972e+04   -1.16409e+04
    Temperature Pres. DC (bar) Pressure (bar)
    9.56698e+01   -8.38996e+01   -4.48980e+02

           Step           Time
          12000        6.00000

   Energies (kJ/mol)
           Bond          Angle        LJ (SR)  Disper. corr.   Coulomb (SR)
    6.26867e+02    1.58836e+03    1.91612e+03   -1.36199e+02   -2.23723e+04
   Coul. recip.      Potential    Kinetic En.   Total Energy  Conserved En.
    4.91760e+02   -1.78854e+04    2.37465e+03   -1.55107e+04   -1.16406e+04
    Temperature Pres. DC (bar) Pressure (bar)
    9.52491e+01   -8.38996e+01   -3.53791e+02

           Step           Time
          13000        6.50000

   Energies (kJ/mol)
           Bond          Angle        LJ (SR)  Disper. corr.   Coulomb (SR)
    6.38301e+02    1.63966e+03    1.71312e+03   -1.36199e+02   -2.22462e+04
   Coul. recip.      Potential    Kinetic En.   Total Energy  Conserved En.
    4.43709e+02   -1.79476e+04    2.32460e+03   -1.56230e+04   -1.16404e+04
    Temperature Pres. DC (bar) Pressure (bar)
    9.32418e+01   -8.38996e+01   -1.31789e+03

           Step           Time
          14000        7.00000

   Energies (kJ/mol)
           Bond          Angle        LJ (SR)  Disper. corr.   Coulomb (SR)
    6.20932e+02    1.59048e+03    1.64222e+03   -1.36199e+02   -2.22533e+04
   Coul. recip.      Potential    Kinetic En.   Total Energy  Conserved En.
    4.72343e+02   -1.80636e+04    2.32606e+03   -1.57375e+04   -1.16406e+04
    Temperature Pres. DC (bar) Pressure (bar)
    9.33003e+01   -8.38996e+01   -1.09445e+03

           Step           Time
          15000        7.50000

   Energies (kJ/mol)
           Bond          Angle        LJ (SR)  Disper. corr.   Coulomb (SR)
    6.05285e+02    1.63631e+03    1.70404e+03   -1.36199e+02   -2.24982e+04
   Coul. recip.      Potential    Kinetic En.   Total Energy  Conserved En.
    4.19430e+02   -1.82693e+04    2.35114e+03   -1.59182e+04   -1.16407e+04
    Temperature Pres. DC (bar) Pressure (bar)
    9.43063e+01   -8.38996e+01   -9.46941e+02

           Step           Time
          16000        8.00000

   Energies (kJ/mol)
           Bond          Angle        LJ (SR)  Disper. corr.   Coulomb (SR)
    6.32368e+02    1.67565e+03    1.75114e+03   -1.36199e+02   -2.27985e+04
   Coul. recip.      Potential    Kinetic En.   Total Energy  Conserved En.
    4.59028e+02   -1.84166e+04    2.39200e+03   -1.60246e+04   -1.16406e+04
    Temperature Pres. DC (bar) Pressure (bar)
    9.59449e+01   -8.38996e+01   -1.22204e+03

           Step           Time
          17000        8.50000

   Energies (kJ/mol)
           Bond          Angle        LJ (SR)  Disper. corr.   Coulomb (SR)
    6.24858e+02    1.65693e+03    2.00729e+03   -1.36199e+02   -2.29749e+04
   Coul. recip.      Potential    Kinetic En.   Total Energy  Conserved En.
    4.12096e+02   -1.84099e+04    2.34881e+03   -1.60611e+04   -1.16404e+04
    Temperature Pres. DC (bar) Pressure (bar)
    9.42127e+01   -8.38996e+01   -3.08261e+02

           Step           Time
          18000        9.00000

   Energies (kJ/mol)
           Bond          Angle        LJ (SR)  Disper. corr.   Coulomb (SR)
    6.40239e+02    1.65209e+03    1.84369e+03   -1.36199e+02   -2.29248e+04
   Coul. recip.      Potential    Kinetic En.   Total Energy  Conserved En.
    4.54662e+02   -1.84703e+04    2.37865e+03   -1.60917e+04   -1.16399e+04
    Temperature Pres. DC (bar) Pressure (bar)
    9.54097e+01   -8.38996e+01   -8.42729e+02

           Step           Time
          19000        9.50000

   Energies (kJ/mol)
           Bond          Angle        LJ (SR)  Disper. corr.   Coulomb (SR)
    6.23879e+02    1.68482e+03    1.83922e+03   -1.36199e+02   -2.28801e+04
   Coul. recip.      Potential    Kinetic En.   Total Energy  Conserved En.
    4.43347e+02   -1.84251e+04    2.36733e+03   -1.60577e+04   -1.16398e+04
    Temperature Pres. DC (bar) Pressure (bar)
    9.49556e+01   -8.38996e+01   -6.90464e+02

           Step           Time
          20000       10.00000

   Energies (kJ/mol)
           Bond          Angle        LJ (SR)  Disper. corr.   Coulomb (SR)
    6.12164e+02    1.80726e+03    1.85526e+03   -1.36199e+02   -2.31163e+04
   Coul. recip.      Potential    Kinetic En.   Total Energy  Conserved En.
    4.48628e+02   -1.85291e+04    2.46314e+03   -1.60660e+04   -1.16404e+04
    Temperature Pres. DC (bar) Pressure (bar)
    9.87987e+01   -8.38996e+01   -6.45782e+02

           Step           Time
          21000       10.50000

   Energies (kJ/mol)
           Bond          Angle        LJ (SR)  Disper. corr.   Coulomb (SR)
    6.54770e+02    1.73454e+03    1.91213e+03   -1.36199e+02   -2.31004e+04
   Coul. recip.      Potential    Kinetic En.   Total Energy  Conserved En.
    4.38067e+02   -1.84971e+04    2.24202e+03   -1.62551e+04   -1.16400e+04
    Temperature Pres. DC (bar) Pressure (bar)
    8.99294e+01   -8.38996e+01   -9.73425e+02

           Step           Time
          22000       11.00000

   Energies (kJ/mol)
           Bond          Angle        LJ (SR)  Disper. corr.   Coulomb (SR)
    6.43602e+02    1.76062e+03    1.92582e+03   -1.36199e+02   -2.30629e+04
   Coul. recip.      Potential    Kinetic En.   Total Energy  Conserved En.
    4.42035e+02   -1.84271e+04    2.32135e+03   -1.61057e+04   -1.16395e+04
    Temperature Pres. DC (bar) Pressure (bar)
    9.31114e+01   -8.38996e+01   -5.89128e+02

           Step           Time
          23000       11.50000

   Energies (kJ/mol)
           Bond          Angle        LJ (SR)  Disper. corr.   Coulomb (SR)
    6.13622e+02    1.69484e+03    1.89171e+03   -1.36199e+02   -2.30282e+04
   Coul. recip.      Potential    Kinetic En.   Total Energy  Conserved En.
    4.26227e+02   -1.85380e+04    2.31334e+03   -1.62246e+04   -1.16404e+04
    Temperature Pres. DC (bar) Pressure (bar)
    9.27899e+01   -8.38996e+01   -2.56559e+02

           Step           Time
          24000       12.00000

   Energies (kJ/mol)
           Bond          Angle        LJ (SR)  Disper. corr.   Coulomb (SR)
    6.48126e+02    1.71770e+03    1.78458e+03   -1.36199e+02   -2.30686e+04
   Coul. recip.      Potential    Kinetic En.   Total Energy  Conserved En.
    4.21237e+02   -1.86331e+04    2.35633e+03   -1.62768e+04   -1.16398e+04
    Temperature Pres. DC (bar) Pressure (bar)
    9.45145e+01   -8.38996e+01   -1.06553e+03

           Step           Time
          25000       12.50000

   Energies (kJ/mol)
           Bond          Angle        LJ (SR)  Disper. corr.   Coulomb (SR)
    6.42741e+02    1.73343e+03    1.76781e+03   -1.36199e+02   -2.29390e+04
   Coul. recip.      Potential    Kinetic En.   Total Energy  Conserved En.
    4.45221e+02   -1.84860e+04    2.23297e+03   -1.62530e+04   -1.16397e+04
    Temperature Pres. DC (bar) Pressure (bar)
    8.95664e+01   -8.38996e+01   -1.31002e+03

           Step           Time
          26000       13.00000

   Energies (kJ/mol)
           Bond          Angle        LJ (SR)  Disper. corr.   Coulomb (SR)
    6.24937e+02    1.73006e+03    1.89689e+03   -1.36199e+02   -2.31862e+04
   Coul. recip.      Potential    Kinetic En.   Total Energy  Conserved En.
    4.47861e+02   -1.86226e+04    2.35122e+03   -1.62714e+04   -1.16400e+04
    Temperature Pres. DC (bar) Pressure (bar)
    9.43093e+01   -8.38996e+01   -6.33728e+02

           Step           Time
          27000       13.50000

   Energies (kJ/mol)
           Bond          Angle        LJ (SR)  Disper. corr.   Coulomb (SR)
    6.53773e+02    1.79477e+03    1.82019e+03   -1.36199e+02   -2.31993e+04
   Coul. recip.      Potential    Kinetic En.   Total Energy  Conserved En.
    4.10461e+02   -1.86563e+04    2.29963e+03   -1.63567e+04   -1.16399e+04
    Temperature Pres. DC (bar) Pressure (bar)
    9.22399e+01   -8.38996e+01   -1.18558e+03

           Step           Time
          28000       14.00000

   Energies (kJ/mol)
           Bond          Angle        LJ (SR)  Disper. corr.   Coulomb (SR)
    6.53151e+02    1.80004e+03    1.82831e+03   -1.36199e+02   -2.32779e+04
   Coul. recip.      Potential    Kinetic En.   Total Energy  Conserved En.
    3.90050e+02   -1.87425e+04    2.31287e+03   -1.64296e+04   -1.16396e+04
    Temperature Pres. DC (bar) Pressure (bar)
    9.27713e+01   -8.38996e+01   -1.02445e+03

           Step           Time
          29000       14.50000

   Energies (kJ/mol)
           Bond          Angle        LJ (SR)  Disper. corr.   Coulomb (SR)
    6.35788e+02    1.73007e+03    1.74256e+03   -1.36199e+02   -2.32579e+04
   Coul. recip.      Potential    Kinetic En.   Total Energy  Conserved En.
    4.39163e+02   -1.88466e+04    2.46083e+03   -1.63857e+04   -1.16398e+04
    Temperature Pres. DC (bar) Pressure (bar)
    9.87058e+01   -8.38996e+01   -1.05527e+03

           Step           Time
          30000       15.00000

   Energies (kJ/mol)
           Bond          Angle        LJ (SR)  Disper. corr.   Coulomb (SR)
    6.51173e+02    1.82753e+03    1.74268e+03   -1.36199e+02   -2.32370e+04
   Coul. recip.      Potential    Kinetic En.   Total Energy  Conserved En.
    4.29733e+02   -1.87221e+04    2.32838e+03   -1.63937e+04   -1.16398e+04
    Temperature Pres. DC (bar) Pressure (bar)
    9.33932e+01   -8.38996e+01   -1.56793e+03

           Step           Time
          31000       15.50000

   Energies (kJ/mol)
           Bond          Angle        LJ (SR)  Disper. corr.   Coulomb (SR)
    6.23041e+02    1.72682e+03    1.88550e+03   -1.36199e+02   -2.32420e+04
   Coul. recip.      Potential    Kinetic En.   Total Energy  Conserved En.
    4.32186e+02   -1.87106e+04    2.38741e+03   -1.63232e+04   -1.16400e+04
    Temperature Pres. DC (bar) Pressure (bar)
    9.57609e+01   -8.38996e+01   -4.70759e+02

           Step           Time
          32000       16.00000

   Energies (kJ/mol)
           Bond          Angle        LJ (SR)  Disper. corr.   Coulomb (SR)
    6.28765e+02    1.76860e+03    1.92723e+03   -1.36199e+02   -2.34413e+04
   Coul. recip.      Potential    Kinetic En.   Total Energy  Conserved En.
    4.43336e+02   -1.88096e+04    2.32318e+03   -1.64864e+04   -1.16396e+04
    Temperature Pres. DC (bar) Pressure (bar)
    9.31845e+01   -8.38996e+01   -4.72394e+02

           Step           Time
          33000       16.50000

   Energies (kJ/mol)
           Bond          Angle        LJ (SR)  Disper. corr.   Coulomb (SR)
    6.88464e+02    1.86943e+03    1.99346e+03   -1.36199e+02   -2.35038e+04
   Coul. recip.      Potential    Kinetic En.   Total Energy  Conserved En.
    4.26870e+02   -1.86617e+04    2.34472e+03   -1.63170e+04   -1.16395e+04
    Temperature Pres. DC (bar) Pressure (bar)
    9.40486e+01   -8.38996e+01   -1.26232e+03

           Step           Time
          34000       17.00000

   Energies (kJ/mol)
           Bond          Angle        LJ (SR)  Disper. corr.   Coulomb (SR)
    6.28778e+02    1.75511e+03    1.90705e+03   -1.36199e+02   -2.33424e+04
   Coul. recip.      Potential    Kinetic En.   Total Energy  Conserved En.
    4.18870e+02   -1.87688e+04    2.31479e+03   -1.64540e+04   -1.16396e+04
    Temperature Pres. DC (bar) Pressure (bar)
    9.28481e+01   -8.38996e+01   -4.36380e+02

           Step           Time
          35000       17.50000

   Energies (kJ/mol)
           Bond          Angle        LJ (SR)  Disper. corr.   Coulomb (SR)
    6.31391e+02    1.82592e+03    1.82935e+03   -1.36199e+02   -2.33640e+04
   Coul. recip.      Potential    Kinetic En.   Total Energy  Conserved En.
    4.45457e+02   -1.87681e+04    2.32993e+03   -1.64382e+04   -1.16397e+04
    Temperature Pres. DC (bar) Pressure (bar)
    9.34554e+01   -8.38996e+01   -5.83196e+02

           Step           Time
          36000       18.00000

   Energies (kJ/mol)
           Bond          Angle        LJ (SR)  Disper. corr.   Coulomb (SR)
    7.00890e+02    1.79989e+03    1.83627e+03   -1.36199e+02   -2.35000e+04
   Coul. recip.      Potential    Kinetic En.   Total Energy  Conserved En.
    4.09532e+02   -1.88896e+04    2.36815e+03   -1.65214e+04   -1.16393e+04
    Temperature Pres. DC (bar) Pressure (bar)
    9.49883e+01   -8.38996e+01   -1.79516e+03

           Step           Time
          37000       18.50000

   Energies (kJ/mol)
           Bond          Angle        LJ (SR)  Disper. corr.   Coulomb (SR)
    6.53899e+02    1.83761e+03    1.88052e+03   -1.36199e+02   -2.34804e+04
   Coul. recip.      Potential    Kinetic En.   Total Energy  Conserved En.
    4.27341e+02   -1.88173e+04    2.36469e+03   -1.64526e+04   -1.16393e+04
    Temperature Pres. DC (bar) Pressure (bar)
    9.48495e+01   -8.38996e+01   -8.98702e+02

           Step           Time
          38000       19.00000

   Energies (kJ/mol)
           Bond          Angle        LJ (SR)  Disper. corr.   Coulomb (SR)
    6.56871e+02    1.82342e+03    1.98675e+03   -1.36199e+02   -2.36147e+04
   Coul. recip.      Potential    Kinetic En.   Total Energy  Conserved En.
    4.19380e+02   -1.88645e+04    2.27084e+03   -1.65936e+04   -1.16390e+04
    Temperature Pres. DC (bar) Pressure (bar)
    9.10853e+01   -8.38996e+01   -6.23874e+02

           Step           Time
          39000       19.50000

   Energies (kJ/mol)
           Bond          Angle        LJ (SR)  Disper. corr.   Coulomb (SR)
    6.87244e+02    1.88884e+03    1.94491e+03   -1.36199e+02   -2.36434e+04
   Coul. recip.      Potential    Kinetic En.   Total Energy  Conserved En.
    4.31763e+02   -1.88268e+04    2.39569e+03   -1.64311e+04   -1.16387e+04
    Temperature Pres. DC (bar) Pressure (bar)
    9.60933e+01   -8.38996e+01   -1.06405e+03

           Step           Time
          40000       20.00000

Writing checkpoint, step 40000 at Sun Apr 26 15:27:51 2026


   Energies (kJ/mol)
           Bond          Angle        LJ (SR)  Disper. corr.   Coulomb (SR)
    6.47534e+02    1.82237e+03    2.08561e+03   -1.36199e+02   -2.37258e+04
   Coul. recip.      Potential    Kinetic En.   Total Energy  Conserved En.
    4.43558e+02   -1.88629e+04    2.33820e+03   -1.65247e+04   -1.16393e+04
    Temperature Pres. DC (bar) Pressure (bar)
    9.37871e+01   -8.38996e+01   -2.47837e+02


Energy conservation over simulation part #1 of length 20 ps, time 0 to 20 ps
  Conserved energy drift: 4.71e-04 kJ/mol/ps per atom


	<======  ###############  ==>
	<====  A V E R A G E S  ====>
	<==  ###############  ======>

	Statistics over 40001 steps using 401 frames

   Energies (kJ/mol)
           Bond          Angle        LJ (SR)  Disper. corr.   Coulomb (SR)
    6.41305e+02    1.65159e+03    1.77263e+03   -1.36199e+02   -2.23383e+04
   Coul. recip.      Potential    Kinetic En.   Total Energy  Conserved En.
    4.66727e+02   -1.79422e+04    2.36932e+03   -1.55729e+04   -1.16403e+04
    Temperature Pres. DC (bar) Pressure (bar)
    9.50356e+01   -8.38996e+01   -9.70484e+02

   Total Virial (kJ/mol)
    1.44892e+03   -8.29065e+01    6.28613e+01
   -8.29064e+01    1.76296e+03    2.10958e+01
    6.28610e+01    2.10958e+01    1.52442e+03

   Pressure (bar)
   -8.13472e+02    1.03348e+02   -7.50057e+01
    1.03348e+02   -1.19488e+03   -2.66684e+01
   -7.50052e+01   -2.66684e+01   -9.03101e+02


	M E G A - F L O P S   A C C O U N T I N G

 NB=Group-cutoff nonbonded kernels    NxN=N-by-N cluster Verlet kernels
 RF=Reaction-Field  VdW=Van der Waals  QSTab=quadratic-spline table
 W3=SPC/TIP3p  W4=TIP4p (single or pairs)
 V&F=Potential and force  V=Potential only  F=Force only

 Computing:                               M-Number         M-Flops  % Flops
-----------------------------------------------------------------------------
 Pair Search distance check             163.064972        1467.585     0.1
 NxN Ewald Elec. + LJ [F]             27780.355944     1833503.492    85.9
 NxN Ewald Elec. + LJ [V&F]             281.355256       30105.012     1.4
 NxN Ewald Elec. [F]                    749.399112       45713.346     2.1
 NxN Ewald Elec. [V&F]                    7.592152         637.741     0.0
 Calc Weights                           240.006000        8640.216     0.4
 Spread Q Bspline                      5120.128000       10240.256     0.5
 Gather F Bspline                      5120.128000       30720.768     1.4
 3D-FFT                               17414.835360      139318.683     6.5
 Solve PME                              325.008125       20800.520     1.0
 Reset In Box                             0.802000           2.406     0.0
 CG-CoM                                   0.804000           2.412     0.0
 Bonds                                   60.001500        3540.088     0.2
 Angles                                  60.001500       10080.252     0.5
 Virial                                   0.820045          14.761     0.0
 Stop-CM                                  0.804000           8.040     0.0
 Calc-Ekin                                6.404000         172.908     0.0
-----------------------------------------------------------------------------
 Total                                                 2134968.486   100.0
-----------------------------------------------------------------------------


    D O M A I N   D E C O M P O S I T I O N   S T A T I S T I C S

 av. #atoms communicated per step for force:  2 x 0.0


      R E A L   C Y C L E   A N D   T I M E   A C C O U N T I N G

On 1 MPI rank, each using 8 OpenMP threads

 Activity:              Num   Num      Call    Wall time         Giga-Cycles
                        Ranks Threads  Count      (s)         total sum    %
--------------------------------------------------------------------------------
 Domain decomp.            1    8        401       0.256          2.044   0.5
 Neighbor search           1    8        401       0.299          2.389   0.6
 Force                     1    8      40001      20.521        164.170  42.1
 PME mesh                  1    8      40001      19.491        155.926  40.0
 NB X/F buffer ops.        1    8      80002       4.726         37.811   9.7
 Write traj.               1    8         41       0.036          0.285   0.1
 Update                    1    8      40001       3.131         25.050   6.4
 Kinetic energy            1    8       3201       0.137          1.095   0.3
 Rest                                              0.152          1.213   0.3
--------------------------------------------------------------------------------
 Total                                            48.748        389.983 100.0
--------------------------------------------------------------------------------
 Breakdown of PME mesh activities
--------------------------------------------------------------------------------
 PME spread                1    8      40001       5.692         45.533  11.7
 PME gather                1    8      40001       6.707         53.653  13.8
 PME 3D-FFT                1    8      80002       6.107         48.852  12.5
 PME solve Elec            1    8      40001       0.160          1.283   0.3
--------------------------------------------------------------------------------

               Core t (s)   Wall t (s)        (%)
       Time:      389.981       48.748      800.0
                 (ns/day)    (hour/ns)
Performance:       35.449        0.677
Finished mdrun on rank 0 Sun Apr 26 15:27:51 2026

